2020-01-03 17:13:53.379  INFO 13820 --- [restartedMain] org.mongodb.driver.cluster               : Cluster created with settings {hosts=[106.54.34.14:27017], mode=SINGLE, requiredClusterType=UNKNOWN, serverSelectionTimeout='30000 ms', maxWaitQueueSize=50}
2020-01-03 17:13:53.529  INFO 13820 --- [restartedMain] ationConfigEmbeddedWebApplicationContext : Refreshing org.springframework.boot.context.embedded.AnnotationConfigEmbeddedWebApplicationContext@67e7b3ed: startup date [Fri Jan 03 17:13:53 CST 2020]; root of context hierarchy
2020-01-03 17:13:54.303  WARN 13820 --- [restartedMain] o.m.s.mapper.ClassPathMapperScanner      : No MyBatis mapper was found in '[com.code.anli.mapper.*.xml]' package. Please check your configuration.
2020-01-03 17:13:54.504  INFO 13820 --- [cluster-ClusterId{value='5e0f05d17188f435fc4493c4', description='null'}-106.54.34.14:27017] org.mongodb.driver.cluster               : Exception in monitor thread while connecting to server 106.54.34.14:27017

com.mongodb.MongoSocketOpenException: Exception opening socket
	at com.mongodb.connection.SocketStream.open(SocketStream.java:63)
	at com.mongodb.connection.InternalStreamConnection.open(InternalStreamConnection.java:115)
	at com.mongodb.connection.DefaultServerMonitor$ServerMonitorRunnable.run(DefaultServerMonitor.java:113)
	at java.lang.Thread.run(Thread.java:748)
Caused by: java.net.ConnectException: Connection refused: connect
	at java.net.DualStackPlainSocketImpl.waitForConnect(Native Method)
	at java.net.DualStackPlainSocketImpl.socketConnect(DualStackPlainSocketImpl.java:85)
	at java.net.AbstractPlainSocketImpl.doConnect(AbstractPlainSocketImpl.java:350)
	at java.net.AbstractPlainSocketImpl.connectToAddress(AbstractPlainSocketImpl.java:206)
	at java.net.AbstractPlainSocketImpl.connect(AbstractPlainSocketImpl.java:188)
	at java.net.PlainSocketImpl.connect(PlainSocketImpl.java:172)
	at java.net.SocksSocketImpl.connect(SocksSocketImpl.java:392)
	at java.net.Socket.connect(Socket.java:589)
	at com.mongodb.connection.SocketStreamHelper.initialize(SocketStreamHelper.java:57)
	at com.mongodb.connection.SocketStream.open(SocketStream.java:58)
	... 3 common frames omitted

2020-01-03 17:13:54.826  INFO 13820 --- [restartedMain] trationDelegate$BeanPostProcessorChecker : Bean 'org.springframework.amqp.rabbit.annotation.RabbitBootstrapConfiguration' of type [org.springframework.amqp.rabbit.annotation.RabbitBootstrapConfiguration$$EnhancerBySpringCGLIB$$9abeb661] is not eligible for getting processed by all BeanPostProcessors (for example: not eligible for auto-proxying)
2020-01-03 17:13:55.168  INFO 13820 --- [restartedMain] s.b.c.e.t.TomcatEmbeddedServletContainer : Tomcat initialized with port(s): 8900 (http)
2020-01-03 17:13:55.179  INFO 13820 --- [restartedMain] o.apache.catalina.core.StandardService   : Starting service Tomcat
2020-01-03 17:13:55.180  INFO 13820 --- [restartedMain] org.apache.catalina.core.StandardEngine  : Starting Servlet Engine: Apache Tomcat/8.5.14
2020-01-03 17:13:55.284  INFO 13820 --- [localhost-startStop-1] o.a.c.c.C.[Tomcat].[localhost].[/taoke]  : Initializing Spring embedded WebApplicationContext
2020-01-03 17:13:55.284  INFO 13820 --- [localhost-startStop-1] o.s.web.context.ContextLoader            : Root WebApplicationContext: initialization completed in 1757 ms
2020-01-03 17:13:55.462  INFO 13820 --- [localhost-startStop-1] o.s.b.w.servlet.ServletRegistrationBean  : Mapping servlet: 'dispatcherServlet' to [/]
2020-01-03 17:13:55.466  INFO 13820 --- [localhost-startStop-1] o.s.b.w.servlet.FilterRegistrationBean   : Mapping filter: 'characterEncodingFilter' to: [/*]
2020-01-03 17:13:55.466  INFO 13820 --- [localhost-startStop-1] o.s.b.w.servlet.FilterRegistrationBean   : Mapping filter: 'hiddenHttpMethodFilter' to: [/*]
2020-01-03 17:13:55.466  INFO 13820 --- [localhost-startStop-1] o.s.b.w.servlet.FilterRegistrationBean   : Mapping filter: 'httpPutFormContentFilter' to: [/*]
2020-01-03 17:13:55.466  INFO 13820 --- [localhost-startStop-1] o.s.b.w.servlet.FilterRegistrationBean   : Mapping filter: 'requestContextFilter' to: [/*]
2020-01-03 17:13:55.865  INFO 13820 --- [restartedMain] com.alibaba.druid.pool.DruidDataSource   : {dataSource-1} inited
2020-01-03 17:13:56.717  INFO 13820 --- [restartedMain] s.w.s.m.m.a.RequestMappingHandlerAdapter : Looking for @ControllerAdvice: org.springframework.boot.context.embedded.AnnotationConfigEmbeddedWebApplicationContext@67e7b3ed: startup date [Fri Jan 03 17:13:53 CST 2020]; root of context hierarchy
2020-01-03 17:13:56.780  INFO 13820 --- [restartedMain] s.w.s.m.m.a.RequestMappingHandlerMapping : Mapped "{[/Convert/generalConvert],methods=[POST]}" onto public java.util.Map com.code.anli.controller.ConvertController.generalConvert(com.alibaba.fastjson.JSONObject)
2020-01-03 17:13:56.783  INFO 13820 --- [restartedMain] s.w.s.m.m.a.RequestMappingHandlerMapping : Mapped "{[/api/v1/sendDirect],methods=[GET]}" onto public java.util.Map com.code.anli.controller.MessageController.sendDirect(com.alibaba.fastjson.JSONObject)
2020-01-03 17:13:56.783  INFO 13820 --- [restartedMain] s.w.s.m.m.a.RequestMappingHandlerMapping : Mapped "{[/api/v1/sendFanout],methods=[GET]}" onto public java.util.Map com.code.anli.controller.MessageController.sendFanout(com.alibaba.fastjson.JSONObject)
2020-01-03 17:13:56.784  INFO 13820 --- [restartedMain] s.w.s.m.m.a.RequestMappingHandlerMapping : Mapped "{[/api/v1/sendTopic],methods=[GET]}" onto public java.util.Map com.code.anli.controller.MessageController.sendTopic(com.alibaba.fastjson.JSONObject)
2020-01-03 17:13:56.784  INFO 13820 --- [restartedMain] s.w.s.m.m.a.RequestMappingHandlerMapping : Mapped "{[/order/queryOrder],methods=[POST]}" onto public java.util.Map com.code.anli.controller.OrderController.queryOrder(com.alibaba.fastjson.JSONObject)
2020-01-03 17:13:56.785  INFO 13820 --- [restartedMain] s.w.s.m.m.a.RequestMappingHandlerMapping : Mapped "{[/error]}" onto public org.springframework.http.ResponseEntity<java.util.Map<java.lang.String, java.lang.Object>> org.springframework.boot.autoconfigure.web.BasicErrorController.error(javax.servlet.http.HttpServletRequest)
2020-01-03 17:13:56.786  INFO 13820 --- [restartedMain] s.w.s.m.m.a.RequestMappingHandlerMapping : Mapped "{[/error],produces=[text/html]}" onto public org.springframework.web.servlet.ModelAndView org.springframework.boot.autoconfigure.web.BasicErrorController.errorHtml(javax.servlet.http.HttpServletRequest,javax.servlet.http.HttpServletResponse)
2020-01-03 17:13:56.844  INFO 13820 --- [restartedMain] o.s.w.s.handler.SimpleUrlHandlerMapping  : Mapped URL path [/webjars/**] onto handler of type [class org.springframework.web.servlet.resource.ResourceHttpRequestHandler]
2020-01-03 17:13:56.845  INFO 13820 --- [restartedMain] o.s.w.s.handler.SimpleUrlHandlerMapping  : Mapped URL path [/**] onto handler of type [class org.springframework.web.servlet.resource.ResourceHttpRequestHandler]
2020-01-03 17:13:56.870  INFO 13820 --- [restartedMain] .m.m.a.ExceptionHandlerExceptionResolver : Detected @ExceptionHandler methods in controllerExceptionAdvice
2020-01-03 17:13:56.902  INFO 13820 --- [restartedMain] o.s.w.s.handler.SimpleUrlHandlerMapping  : Mapped URL path [/**/favicon.ico] onto handler of type [class org.springframework.web.servlet.resource.ResourceHttpRequestHandler]
2020-01-03 17:13:57.161  INFO 13820 --- [restartedMain] org.mongodb.driver.cluster               : Cluster created with settings {hosts=[106.54.34.142:27017], mode=MULTIPLE, requiredClusterType=UNKNOWN, serverSelectionTimeout='30000 ms', maxWaitQueueSize=500}
2020-01-03 17:13:57.161  INFO 13820 --- [restartedMain] org.mongodb.driver.cluster               : Adding discovered server 106.54.34.142:27017 to client view of cluster
2020-01-03 17:13:57.263  INFO 13820 --- [cluster-ClusterId{value='5e0f05d57188f435fc4493c5', description='null'}-106.54.34.142:27017] org.mongodb.driver.connection            : Opened connection [connectionId{localValue:2, serverValue:852}] to 106.54.34.142:27017
2020-01-03 17:13:57.286  INFO 13820 --- [cluster-ClusterId{value='5e0f05d57188f435fc4493c5', description='null'}-106.54.34.142:27017] org.mongodb.driver.cluster               : Monitor thread successfully connected to server with description ServerDescription{address=106.54.34.142:27017, type=STANDALONE, state=CONNECTED, ok=true, version=ServerVersion{versionList=[3, 2, 7]}, minWireVersion=0, maxWireVersion=4, maxDocumentSize=16777216, roundTripTimeNanos=21785912}
2020-01-03 17:13:57.287  INFO 13820 --- [cluster-ClusterId{value='5e0f05d57188f435fc4493c5', description='null'}-106.54.34.142:27017] org.mongodb.driver.cluster               : Discovered cluster type of STANDALONE
2020-01-03 17:13:57.490  INFO 13820 --- [restartedMain] o.s.b.d.a.OptionalLiveReloadServer       : LiveReload server is running on port 35729
2020-01-03 17:13:57.637  INFO 13820 --- [restartedMain] o.s.j.e.a.AnnotationMBeanExporter        : Registering beans for JMX exposure on startup
2020-01-03 17:13:57.638  INFO 13820 --- [restartedMain] o.s.j.e.a.AnnotationMBeanExporter        : Bean with name 'dataSource' has been autodetected for JMX exposure
2020-01-03 17:13:57.645  INFO 13820 --- [restartedMain] o.s.j.e.a.AnnotationMBeanExporter        : Bean with name 'rabbitConnectionFactory' has been autodetected for JMX exposure
2020-01-03 17:13:57.648  INFO 13820 --- [restartedMain] o.s.j.e.a.AnnotationMBeanExporter        : Located MBean 'dataSource': registering with JMX server as MBean [com.alibaba.druid.pool:name=dataSource,type=DruidDataSource]
2020-01-03 17:13:57.649  INFO 13820 --- [restartedMain] o.s.j.e.a.AnnotationMBeanExporter        : Located managed bean 'rabbitConnectionFactory': registering with JMX server as MBean [org.springframework.amqp.rabbit.connection:name=rabbitConnectionFactory,type=CachingConnectionFactory]
2020-01-03 17:13:57.683  INFO 13820 --- [restartedMain] o.s.c.support.DefaultLifecycleProcessor  : Starting beans in phase -2147482648
2020-01-03 17:13:57.683  INFO 13820 --- [restartedMain] o.s.c.support.DefaultLifecycleProcessor  : Starting beans in phase 2147483647
2020-01-03 17:13:57.793  INFO 13820 --- [SimpleAsyncTaskExecutor-1] o.s.a.r.c.CachingConnectionFactory       : Created new connection: SimpleConnection@1877e9f0 [delegate=amqp://guest@106.54.34.142:5672/, localPort= 63767]
2020-01-03 17:13:57.798  INFO 13820 --- [SimpleAsyncTaskExecutor-1] o.s.amqp.rabbit.core.RabbitAdmin         : Auto-declaring a non-durable, auto-delete, or exclusive Queue (topic.queue) durable:false, auto-delete:false, exclusive:false. It will be redeclared if the broker stops and is restarted while the connection factory is alive, but all messages will be lost.
2020-01-03 17:13:58.359  INFO 13820 --- [restartedMain] s.a.ScheduledAnnotationBeanPostProcessor : No TaskScheduler/ScheduledExecutorService bean found for scheduled processing
2020-01-03 17:13:58.398  INFO 13820 --- [restartedMain] s.b.c.e.t.TomcatEmbeddedServletContainer : Tomcat started on port(s): 8900 (http)
2020-01-03 17:14:09.151 ERROR 13820 --- [pool-5-thread-1] o.s.s.s.TaskUtils$LoggingErrorHandler    : Unexpected error occurred in scheduled task.

java.lang.NullPointerException: null
	at com.code.anli.controller.OrderController.queryOrder(OrderController.java:87)
	at com.code.anli.mq.DirectReceiver.shcsd(DirectReceiver.java:58)
	at sun.reflect.NativeMethodAccessorImpl.invoke0(Native Method)
	at sun.reflect.NativeMethodAccessorImpl.invoke(NativeMethodAccessorImpl.java:62)
	at sun.reflect.DelegatingMethodAccessorImpl.invoke(DelegatingMethodAccessorImpl.java:43)
	at java.lang.reflect.Method.invoke(Method.java:498)
	at org.springframework.scheduling.support.ScheduledMethodRunnable.run(ScheduledMethodRunnable.java:65)
	at org.springframework.scheduling.support.DelegatingErrorHandlingRunnable.run(DelegatingErrorHandlingRunnable.java:54)
	at org.springframework.scheduling.concurrent.ReschedulingRunnable.run(ReschedulingRunnable.java:81)
	at java.util.concurrent.Executors$RunnableAdapter.call$$$capture(Executors.java:511)
	at java.util.concurrent.Executors$RunnableAdapter.call(Executors.java)
	at java.util.concurrent.FutureTask.run$$$capture(FutureTask.java:266)
	at java.util.concurrent.FutureTask.run(FutureTask.java)
	at java.util.concurrent.ScheduledThreadPoolExecutor$ScheduledFutureTask.access$201(ScheduledThreadPoolExecutor.java:180)
	at java.util.concurrent.ScheduledThreadPoolExecutor$ScheduledFutureTask.run(ScheduledThreadPoolExecutor.java:293)
	at java.util.concurrent.ThreadPoolExecutor.runWorker(ThreadPoolExecutor.java:1142)
	at java.util.concurrent.ThreadPoolExecutor$Worker.run(ThreadPoolExecutor.java:617)
	at java.lang.Thread.run(Thread.java:748)

2020-01-03 17:14:09.164  INFO 13820 --- [pool-5-thread-1] org.mongodb.driver.cluster               : No server chosen by WritableServerSelector from cluster description ClusterDescription{type=UNKNOWN, connectionMode=SINGLE, serverDescriptions=[ServerDescription{address=106.54.34.14:27017, type=UNKNOWN, state=CONNECTING, exception={com.mongodb.MongoSocketOpenException: Exception opening socket}, caused by {java.net.ConnectException: Connection refused: connect}}]}. Waiting for 30000 ms before timing out
2020-01-03 17:14:55.876  INFO 1500 --- [restartedMain] org.mongodb.driver.cluster               : Cluster created with settings {hosts=[106.54.34.14:27017], mode=SINGLE, requiredClusterType=UNKNOWN, serverSelectionTimeout='30000 ms', maxWaitQueueSize=50}
2020-01-03 17:14:56.054  INFO 1500 --- [restartedMain] ationConfigEmbeddedWebApplicationContext : Refreshing org.springframework.boot.context.embedded.AnnotationConfigEmbeddedWebApplicationContext@3bf0bb22: startup date [Fri Jan 03 17:14:56 CST 2020]; root of context hierarchy
2020-01-03 17:14:56.877  WARN 1500 --- [restartedMain] o.m.s.mapper.ClassPathMapperScanner      : No MyBatis mapper was found in '[com.code.anli.mapper.*.xml]' package. Please check your configuration.
2020-01-03 17:14:57.000  INFO 1500 --- [cluster-ClusterId{value='5e0f060f7188f405dc1c1021', description='null'}-106.54.34.14:27017] org.mongodb.driver.cluster               : Exception in monitor thread while connecting to server 106.54.34.14:27017

com.mongodb.MongoSocketOpenException: Exception opening socket
	at com.mongodb.connection.SocketStream.open(SocketStream.java:63)
	at com.mongodb.connection.InternalStreamConnection.open(InternalStreamConnection.java:115)
	at com.mongodb.connection.DefaultServerMonitor$ServerMonitorRunnable.run(DefaultServerMonitor.java:113)
	at java.lang.Thread.run(Thread.java:748)
Caused by: java.net.ConnectException: Connection refused: connect
	at java.net.DualStackPlainSocketImpl.waitForConnect(Native Method)
	at java.net.DualStackPlainSocketImpl.socketConnect(DualStackPlainSocketImpl.java:85)
	at java.net.AbstractPlainSocketImpl.doConnect(AbstractPlainSocketImpl.java:350)
	at java.net.AbstractPlainSocketImpl.connectToAddress(AbstractPlainSocketImpl.java:206)
	at java.net.AbstractPlainSocketImpl.connect(AbstractPlainSocketImpl.java:188)
	at java.net.PlainSocketImpl.connect(PlainSocketImpl.java:172)
	at java.net.SocksSocketImpl.connect(SocksSocketImpl.java:392)
	at java.net.Socket.connect(Socket.java:589)
	at com.mongodb.connection.SocketStreamHelper.initialize(SocketStreamHelper.java:57)
	at com.mongodb.connection.SocketStream.open(SocketStream.java:58)
	... 3 common frames omitted

2020-01-03 17:14:57.433  INFO 1500 --- [restartedMain] trationDelegate$BeanPostProcessorChecker : Bean 'org.springframework.amqp.rabbit.annotation.RabbitBootstrapConfiguration' of type [org.springframework.amqp.rabbit.annotation.RabbitBootstrapConfiguration$$EnhancerBySpringCGLIB$$cbf31d80] is not eligible for getting processed by all BeanPostProcessors (for example: not eligible for auto-proxying)
2020-01-03 17:14:57.764  INFO 1500 --- [restartedMain] s.b.c.e.t.TomcatEmbeddedServletContainer : Tomcat initialized with port(s): 8900 (http)
2020-01-03 17:14:57.776  INFO 1500 --- [restartedMain] o.apache.catalina.core.StandardService   : Starting service Tomcat
2020-01-03 17:14:57.777  INFO 1500 --- [restartedMain] org.apache.catalina.core.StandardEngine  : Starting Servlet Engine: Apache Tomcat/8.5.14
2020-01-03 17:14:57.885  INFO 1500 --- [localhost-startStop-1] o.a.c.c.C.[Tomcat].[localhost].[/taoke]  : Initializing Spring embedded WebApplicationContext
2020-01-03 17:14:57.886  INFO 1500 --- [localhost-startStop-1] o.s.web.context.ContextLoader            : Root WebApplicationContext: initialization completed in 1835 ms
2020-01-03 17:14:58.098  INFO 1500 --- [localhost-startStop-1] o.s.b.w.servlet.ServletRegistrationBean  : Mapping servlet: 'dispatcherServlet' to [/]
2020-01-03 17:14:58.103  INFO 1500 --- [localhost-startStop-1] o.s.b.w.servlet.FilterRegistrationBean   : Mapping filter: 'characterEncodingFilter' to: [/*]
2020-01-03 17:14:58.103  INFO 1500 --- [localhost-startStop-1] o.s.b.w.servlet.FilterRegistrationBean   : Mapping filter: 'hiddenHttpMethodFilter' to: [/*]
2020-01-03 17:14:58.103  INFO 1500 --- [localhost-startStop-1] o.s.b.w.servlet.FilterRegistrationBean   : Mapping filter: 'httpPutFormContentFilter' to: [/*]
2020-01-03 17:14:58.103  INFO 1500 --- [localhost-startStop-1] o.s.b.w.servlet.FilterRegistrationBean   : Mapping filter: 'requestContextFilter' to: [/*]
2020-01-03 17:14:58.497  INFO 1500 --- [restartedMain] com.alibaba.druid.pool.DruidDataSource   : {dataSource-1} inited
2020-01-03 17:14:59.322  INFO 1500 --- [restartedMain] s.w.s.m.m.a.RequestMappingHandlerAdapter : Looking for @ControllerAdvice: org.springframework.boot.context.embedded.AnnotationConfigEmbeddedWebApplicationContext@3bf0bb22: startup date [Fri Jan 03 17:14:56 CST 2020]; root of context hierarchy
2020-01-03 17:14:59.382  INFO 1500 --- [restartedMain] s.w.s.m.m.a.RequestMappingHandlerMapping : Mapped "{[/Convert/generalConvert],methods=[POST]}" onto public java.util.Map com.code.anli.controller.ConvertController.generalConvert(com.alibaba.fastjson.JSONObject)
2020-01-03 17:14:59.385  INFO 1500 --- [restartedMain] s.w.s.m.m.a.RequestMappingHandlerMapping : Mapped "{[/api/v1/sendFanout],methods=[GET]}" onto public java.util.Map com.code.anli.controller.MessageController.sendFanout(com.alibaba.fastjson.JSONObject)
2020-01-03 17:14:59.385  INFO 1500 --- [restartedMain] s.w.s.m.m.a.RequestMappingHandlerMapping : Mapped "{[/api/v1/sendTopic],methods=[GET]}" onto public java.util.Map com.code.anli.controller.MessageController.sendTopic(com.alibaba.fastjson.JSONObject)
2020-01-03 17:14:59.386  INFO 1500 --- [restartedMain] s.w.s.m.m.a.RequestMappingHandlerMapping : Mapped "{[/api/v1/sendDirect],methods=[GET]}" onto public java.util.Map com.code.anli.controller.MessageController.sendDirect(com.alibaba.fastjson.JSONObject)
2020-01-03 17:14:59.386  INFO 1500 --- [restartedMain] s.w.s.m.m.a.RequestMappingHandlerMapping : Mapped "{[/order/queryOrder],methods=[POST]}" onto public java.util.Map com.code.anli.controller.OrderController.queryOrder(com.alibaba.fastjson.JSONObject)
2020-01-03 17:14:59.388  INFO 1500 --- [restartedMain] s.w.s.m.m.a.RequestMappingHandlerMapping : Mapped "{[/error]}" onto public org.springframework.http.ResponseEntity<java.util.Map<java.lang.String, java.lang.Object>> org.springframework.boot.autoconfigure.web.BasicErrorController.error(javax.servlet.http.HttpServletRequest)
2020-01-03 17:14:59.388  INFO 1500 --- [restartedMain] s.w.s.m.m.a.RequestMappingHandlerMapping : Mapped "{[/error],produces=[text/html]}" onto public org.springframework.web.servlet.ModelAndView org.springframework.boot.autoconfigure.web.BasicErrorController.errorHtml(javax.servlet.http.HttpServletRequest,javax.servlet.http.HttpServletResponse)
2020-01-03 17:14:59.439  INFO 1500 --- [restartedMain] o.s.w.s.handler.SimpleUrlHandlerMapping  : Mapped URL path [/webjars/**] onto handler of type [class org.springframework.web.servlet.resource.ResourceHttpRequestHandler]
2020-01-03 17:14:59.439  INFO 1500 --- [restartedMain] o.s.w.s.handler.SimpleUrlHandlerMapping  : Mapped URL path [/**] onto handler of type [class org.springframework.web.servlet.resource.ResourceHttpRequestHandler]
2020-01-03 17:14:59.462  INFO 1500 --- [restartedMain] .m.m.a.ExceptionHandlerExceptionResolver : Detected @ExceptionHandler methods in controllerExceptionAdvice
2020-01-03 17:14:59.490  INFO 1500 --- [restartedMain] o.s.w.s.handler.SimpleUrlHandlerMapping  : Mapped URL path [/**/favicon.ico] onto handler of type [class org.springframework.web.servlet.resource.ResourceHttpRequestHandler]
2020-01-03 17:14:59.758  INFO 1500 --- [restartedMain] org.mongodb.driver.cluster               : Cluster created with settings {hosts=[106.54.34.142:27017], mode=MULTIPLE, requiredClusterType=UNKNOWN, serverSelectionTimeout='30000 ms', maxWaitQueueSize=500}
2020-01-03 17:14:59.758  INFO 1500 --- [restartedMain] org.mongodb.driver.cluster               : Adding discovered server 106.54.34.142:27017 to client view of cluster
2020-01-03 17:14:59.863  INFO 1500 --- [cluster-ClusterId{value='5e0f06137188f405dc1c1022', description='null'}-106.54.34.142:27017] org.mongodb.driver.connection            : Opened connection [connectionId{localValue:2, serverValue:853}] to 106.54.34.142:27017
2020-01-03 17:14:59.886  INFO 1500 --- [cluster-ClusterId{value='5e0f06137188f405dc1c1022', description='null'}-106.54.34.142:27017] org.mongodb.driver.cluster               : Monitor thread successfully connected to server with description ServerDescription{address=106.54.34.142:27017, type=STANDALONE, state=CONNECTED, ok=true, version=ServerVersion{versionList=[3, 2, 7]}, minWireVersion=0, maxWireVersion=4, maxDocumentSize=16777216, roundTripTimeNanos=21881091}
2020-01-03 17:14:59.887  INFO 1500 --- [cluster-ClusterId{value='5e0f06137188f405dc1c1022', description='null'}-106.54.34.142:27017] org.mongodb.driver.cluster               : Discovered cluster type of STANDALONE
2020-01-03 17:15:00.076  INFO 1500 --- [restartedMain] o.s.b.d.a.OptionalLiveReloadServer       : LiveReload server is running on port 35729
2020-01-03 17:15:00.223  INFO 1500 --- [restartedMain] o.s.j.e.a.AnnotationMBeanExporter        : Registering beans for JMX exposure on startup
2020-01-03 17:15:00.224  INFO 1500 --- [restartedMain] o.s.j.e.a.AnnotationMBeanExporter        : Bean with name 'dataSource' has been autodetected for JMX exposure
2020-01-03 17:15:00.230  INFO 1500 --- [restartedMain] o.s.j.e.a.AnnotationMBeanExporter        : Bean with name 'rabbitConnectionFactory' has been autodetected for JMX exposure
2020-01-03 17:15:00.233  INFO 1500 --- [restartedMain] o.s.j.e.a.AnnotationMBeanExporter        : Located MBean 'dataSource': registering with JMX server as MBean [com.alibaba.druid.pool:name=dataSource,type=DruidDataSource]
2020-01-03 17:15:00.234  INFO 1500 --- [restartedMain] o.s.j.e.a.AnnotationMBeanExporter        : Located managed bean 'rabbitConnectionFactory': registering with JMX server as MBean [org.springframework.amqp.rabbit.connection:name=rabbitConnectionFactory,type=CachingConnectionFactory]
2020-01-03 17:15:00.261  INFO 1500 --- [restartedMain] o.s.c.support.DefaultLifecycleProcessor  : Starting beans in phase -2147482648
2020-01-03 17:15:00.262  INFO 1500 --- [restartedMain] o.s.c.support.DefaultLifecycleProcessor  : Starting beans in phase 2147483647
2020-01-03 17:15:00.381  INFO 1500 --- [SimpleAsyncTaskExecutor-1] o.s.a.r.c.CachingConnectionFactory       : Created new connection: SimpleConnection@674c4b61 [delegate=amqp://guest@106.54.34.142:5672/, localPort= 63831]
2020-01-03 17:15:00.385  INFO 1500 --- [SimpleAsyncTaskExecutor-1] o.s.amqp.rabbit.core.RabbitAdmin         : Auto-declaring a non-durable, auto-delete, or exclusive Queue (topic.queue) durable:false, auto-delete:false, exclusive:false. It will be redeclared if the broker stops and is restarted while the connection factory is alive, but all messages will be lost.
2020-01-03 17:15:00.957  INFO 1500 --- [restartedMain] s.a.ScheduledAnnotationBeanPostProcessor : No TaskScheduler/ScheduledExecutorService bean found for scheduled processing
2020-01-03 17:15:00.997  INFO 1500 --- [restartedMain] s.b.c.e.t.TomcatEmbeddedServletContainer : Tomcat started on port(s): 8900 (http)
2020-01-03 17:15:13.137  INFO 11520 --- [restartedMain] org.mongodb.driver.cluster               : Cluster created with settings {hosts=[106.54.34.14:27017], mode=SINGLE, requiredClusterType=UNKNOWN, serverSelectionTimeout='30000 ms', maxWaitQueueSize=50}
2020-01-03 17:15:13.289  INFO 11520 --- [restartedMain] ationConfigEmbeddedWebApplicationContext : Refreshing org.springframework.boot.context.embedded.AnnotationConfigEmbeddedWebApplicationContext@9a84e53: startup date [Fri Jan 03 17:15:13 CST 2020]; root of context hierarchy
2020-01-03 17:15:14.140  WARN 11520 --- [restartedMain] o.m.s.mapper.ClassPathMapperScanner      : No MyBatis mapper was found in '[com.code.anli.mapper.*.xml]' package. Please check your configuration.
2020-01-03 17:15:14.263  INFO 11520 --- [cluster-ClusterId{value='5e0f06217188f42d004d93c7', description='null'}-106.54.34.14:27017] org.mongodb.driver.cluster               : Exception in monitor thread while connecting to server 106.54.34.14:27017

com.mongodb.MongoSocketOpenException: Exception opening socket
	at com.mongodb.connection.SocketStream.open(SocketStream.java:63)
	at com.mongodb.connection.InternalStreamConnection.open(InternalStreamConnection.java:115)
	at com.mongodb.connection.DefaultServerMonitor$ServerMonitorRunnable.run(DefaultServerMonitor.java:113)
	at java.lang.Thread.run(Thread.java:748)
Caused by: java.net.ConnectException: Connection refused: connect
	at java.net.DualStackPlainSocketImpl.waitForConnect(Native Method)
	at java.net.DualStackPlainSocketImpl.socketConnect(DualStackPlainSocketImpl.java:85)
	at java.net.AbstractPlainSocketImpl.doConnect(AbstractPlainSocketImpl.java:350)
	at java.net.AbstractPlainSocketImpl.connectToAddress(AbstractPlainSocketImpl.java:206)
	at java.net.AbstractPlainSocketImpl.connect(AbstractPlainSocketImpl.java:188)
	at java.net.PlainSocketImpl.connect(PlainSocketImpl.java:172)
	at java.net.SocksSocketImpl.connect(SocksSocketImpl.java:392)
	at java.net.Socket.connect(Socket.java:589)
	at com.mongodb.connection.SocketStreamHelper.initialize(SocketStreamHelper.java:57)
	at com.mongodb.connection.SocketStream.open(SocketStream.java:58)
	... 3 common frames omitted

2020-01-03 17:15:14.677  INFO 11520 --- [restartedMain] trationDelegate$BeanPostProcessorChecker : Bean 'org.springframework.amqp.rabbit.annotation.RabbitBootstrapConfiguration' of type [org.springframework.amqp.rabbit.annotation.RabbitBootstrapConfiguration$$EnhancerBySpringCGLIB$$2e28dd0e] is not eligible for getting processed by all BeanPostProcessors (for example: not eligible for auto-proxying)
2020-01-03 17:15:15.033  INFO 11520 --- [restartedMain] s.b.c.e.t.TomcatEmbeddedServletContainer : Tomcat initialized with port(s): 8900 (http)
2020-01-03 17:15:15.044  INFO 11520 --- [restartedMain] o.apache.catalina.core.StandardService   : Starting service Tomcat
2020-01-03 17:15:15.045  INFO 11520 --- [restartedMain] org.apache.catalina.core.StandardEngine  : Starting Servlet Engine: Apache Tomcat/8.5.14
2020-01-03 17:15:15.149  INFO 11520 --- [localhost-startStop-1] o.a.c.c.C.[Tomcat].[localhost].[/taoke]  : Initializing Spring embedded WebApplicationContext
2020-01-03 17:15:15.150  INFO 11520 --- [localhost-startStop-1] o.s.web.context.ContextLoader            : Root WebApplicationContext: initialization completed in 1864 ms
2020-01-03 17:15:15.337  INFO 11520 --- [localhost-startStop-1] o.s.b.w.servlet.ServletRegistrationBean  : Mapping servlet: 'dispatcherServlet' to [/]
2020-01-03 17:15:15.341  INFO 11520 --- [localhost-startStop-1] o.s.b.w.servlet.FilterRegistrationBean   : Mapping filter: 'characterEncodingFilter' to: [/*]
2020-01-03 17:15:15.341  INFO 11520 --- [localhost-startStop-1] o.s.b.w.servlet.FilterRegistrationBean   : Mapping filter: 'hiddenHttpMethodFilter' to: [/*]
2020-01-03 17:15:15.342  INFO 11520 --- [localhost-startStop-1] o.s.b.w.servlet.FilterRegistrationBean   : Mapping filter: 'httpPutFormContentFilter' to: [/*]
2020-01-03 17:15:15.342  INFO 11520 --- [localhost-startStop-1] o.s.b.w.servlet.FilterRegistrationBean   : Mapping filter: 'requestContextFilter' to: [/*]
2020-01-03 17:15:15.762  INFO 11520 --- [restartedMain] com.alibaba.druid.pool.DruidDataSource   : {dataSource-1} inited
2020-01-03 17:15:16.571  INFO 11520 --- [restartedMain] s.w.s.m.m.a.RequestMappingHandlerAdapter : Looking for @ControllerAdvice: org.springframework.boot.context.embedded.AnnotationConfigEmbeddedWebApplicationContext@9a84e53: startup date [Fri Jan 03 17:15:13 CST 2020]; root of context hierarchy
2020-01-03 17:15:16.633  INFO 11520 --- [restartedMain] s.w.s.m.m.a.RequestMappingHandlerMapping : Mapped "{[/Convert/generalConvert],methods=[POST]}" onto public java.util.Map com.code.anli.controller.ConvertController.generalConvert(com.alibaba.fastjson.JSONObject)
2020-01-03 17:15:16.637  INFO 11520 --- [restartedMain] s.w.s.m.m.a.RequestMappingHandlerMapping : Mapped "{[/api/v1/sendDirect],methods=[GET]}" onto public java.util.Map com.code.anli.controller.MessageController.sendDirect(com.alibaba.fastjson.JSONObject)
2020-01-03 17:15:16.638  INFO 11520 --- [restartedMain] s.w.s.m.m.a.RequestMappingHandlerMapping : Mapped "{[/api/v1/sendFanout],methods=[GET]}" onto public java.util.Map com.code.anli.controller.MessageController.sendFanout(com.alibaba.fastjson.JSONObject)
2020-01-03 17:15:16.638  INFO 11520 --- [restartedMain] s.w.s.m.m.a.RequestMappingHandlerMapping : Mapped "{[/api/v1/sendTopic],methods=[GET]}" onto public java.util.Map com.code.anli.controller.MessageController.sendTopic(com.alibaba.fastjson.JSONObject)
2020-01-03 17:15:16.639  INFO 11520 --- [restartedMain] s.w.s.m.m.a.RequestMappingHandlerMapping : Mapped "{[/order/queryOrder],methods=[POST]}" onto public java.util.Map com.code.anli.controller.OrderController.queryOrder(com.alibaba.fastjson.JSONObject)
2020-01-03 17:15:16.641  INFO 11520 --- [restartedMain] s.w.s.m.m.a.RequestMappingHandlerMapping : Mapped "{[/error]}" onto public org.springframework.http.ResponseEntity<java.util.Map<java.lang.String, java.lang.Object>> org.springframework.boot.autoconfigure.web.BasicErrorController.error(javax.servlet.http.HttpServletRequest)
2020-01-03 17:15:16.642  INFO 11520 --- [restartedMain] s.w.s.m.m.a.RequestMappingHandlerMapping : Mapped "{[/error],produces=[text/html]}" onto public org.springframework.web.servlet.ModelAndView org.springframework.boot.autoconfigure.web.BasicErrorController.errorHtml(javax.servlet.http.HttpServletRequest,javax.servlet.http.HttpServletResponse)
2020-01-03 17:15:16.695  INFO 11520 --- [restartedMain] o.s.w.s.handler.SimpleUrlHandlerMapping  : Mapped URL path [/webjars/**] onto handler of type [class org.springframework.web.servlet.resource.ResourceHttpRequestHandler]
2020-01-03 17:15:16.695  INFO 11520 --- [restartedMain] o.s.w.s.handler.SimpleUrlHandlerMapping  : Mapped URL path [/**] onto handler of type [class org.springframework.web.servlet.resource.ResourceHttpRequestHandler]
2020-01-03 17:15:16.716  INFO 11520 --- [restartedMain] .m.m.a.ExceptionHandlerExceptionResolver : Detected @ExceptionHandler methods in controllerExceptionAdvice
2020-01-03 17:15:16.744  INFO 11520 --- [restartedMain] o.s.w.s.handler.SimpleUrlHandlerMapping  : Mapped URL path [/**/favicon.ico] onto handler of type [class org.springframework.web.servlet.resource.ResourceHttpRequestHandler]
2020-01-03 17:15:17.010  INFO 11520 --- [restartedMain] org.mongodb.driver.cluster               : Cluster created with settings {hosts=[106.54.34.14:27017], mode=MULTIPLE, requiredClusterType=UNKNOWN, serverSelectionTimeout='30000 ms', maxWaitQueueSize=500}
2020-01-03 17:15:17.010  INFO 11520 --- [restartedMain] org.mongodb.driver.cluster               : Adding discovered server 106.54.34.14:27017 to client view of cluster
2020-01-03 17:15:17.321  INFO 11520 --- [restartedMain] o.s.b.d.a.OptionalLiveReloadServer       : LiveReload server is running on port 35729
2020-01-03 17:15:17.466  INFO 11520 --- [restartedMain] o.s.j.e.a.AnnotationMBeanExporter        : Registering beans for JMX exposure on startup
2020-01-03 17:15:17.467  INFO 11520 --- [restartedMain] o.s.j.e.a.AnnotationMBeanExporter        : Bean with name 'dataSource' has been autodetected for JMX exposure
2020-01-03 17:15:17.473  INFO 11520 --- [restartedMain] o.s.j.e.a.AnnotationMBeanExporter        : Bean with name 'rabbitConnectionFactory' has been autodetected for JMX exposure
2020-01-03 17:15:17.475  INFO 11520 --- [restartedMain] o.s.j.e.a.AnnotationMBeanExporter        : Located MBean 'dataSource': registering with JMX server as MBean [com.alibaba.druid.pool:name=dataSource,type=DruidDataSource]
2020-01-03 17:15:17.476  INFO 11520 --- [restartedMain] o.s.j.e.a.AnnotationMBeanExporter        : Located managed bean 'rabbitConnectionFactory': registering with JMX server as MBean [org.springframework.amqp.rabbit.connection:name=rabbitConnectionFactory,type=CachingConnectionFactory]
2020-01-03 17:15:17.504  INFO 11520 --- [restartedMain] o.s.c.support.DefaultLifecycleProcessor  : Starting beans in phase -2147482648
2020-01-03 17:15:17.504  INFO 11520 --- [restartedMain] o.s.c.support.DefaultLifecycleProcessor  : Starting beans in phase 2147483647
2020-01-03 17:15:17.622  INFO 11520 --- [SimpleAsyncTaskExecutor-1] o.s.a.r.c.CachingConnectionFactory       : Created new connection: SimpleConnection@566265c6 [delegate=amqp://guest@106.54.34.142:5672/, localPort= 63865]
2020-01-03 17:15:17.625  INFO 11520 --- [SimpleAsyncTaskExecutor-1] o.s.amqp.rabbit.core.RabbitAdmin         : Auto-declaring a non-durable, auto-delete, or exclusive Queue (topic.queue) durable:false, auto-delete:false, exclusive:false. It will be redeclared if the broker stops and is restarted while the connection factory is alive, but all messages will be lost.
2020-01-03 17:15:18.091  INFO 11520 --- [cluster-ClusterId{value='5e0f06257188f42d004d93c8', description='null'}-106.54.34.14:27017] org.mongodb.driver.cluster               : Exception in monitor thread while connecting to server 106.54.34.14:27017

com.mongodb.MongoSocketOpenException: Exception opening socket
	at com.mongodb.connection.SocketStream.open(SocketStream.java:63)
	at com.mongodb.connection.InternalStreamConnection.open(InternalStreamConnection.java:115)
	at com.mongodb.connection.DefaultServerMonitor$ServerMonitorRunnable.run(DefaultServerMonitor.java:113)
	at java.lang.Thread.run(Thread.java:748)
Caused by: java.net.ConnectException: Connection refused: connect
	at java.net.DualStackPlainSocketImpl.waitForConnect(Native Method)
	at java.net.DualStackPlainSocketImpl.socketConnect(DualStackPlainSocketImpl.java:85)
	at java.net.AbstractPlainSocketImpl.doConnect(AbstractPlainSocketImpl.java:350)
	at java.net.AbstractPlainSocketImpl.connectToAddress(AbstractPlainSocketImpl.java:206)
	at java.net.AbstractPlainSocketImpl.connect(AbstractPlainSocketImpl.java:188)
	at java.net.PlainSocketImpl.connect(PlainSocketImpl.java:172)
	at java.net.SocksSocketImpl.connect(SocksSocketImpl.java:392)
	at java.net.Socket.connect(Socket.java:589)
	at com.mongodb.connection.SocketStreamHelper.initialize(SocketStreamHelper.java:57)
	at com.mongodb.connection.SocketStream.open(SocketStream.java:58)
	... 3 common frames omitted

2020-01-03 17:15:18.249  INFO 11520 --- [restartedMain] s.a.ScheduledAnnotationBeanPostProcessor : No TaskScheduler/ScheduledExecutorService bean found for scheduled processing
2020-01-03 17:15:18.288  INFO 11520 --- [restartedMain] s.b.c.e.t.TomcatEmbeddedServletContainer : Tomcat started on port(s): 8900 (http)
2020-01-03 17:18:06.903 ERROR 11520 --- [pool-5-thread-1] o.s.s.s.TaskUtils$LoggingErrorHandler    : Unexpected error occurred in scheduled task.

java.lang.NullPointerException: null
	at com.code.anli.controller.OrderController.queryOrder(OrderController.java:87)
	at com.code.anli.mq.DirectReceiver.shcsd(DirectReceiver.java:58)
	at sun.reflect.NativeMethodAccessorImpl.invoke0(Native Method)
	at sun.reflect.NativeMethodAccessorImpl.invoke(NativeMethodAccessorImpl.java:62)
	at sun.reflect.DelegatingMethodAccessorImpl.invoke(DelegatingMethodAccessorImpl.java:43)
	at java.lang.reflect.Method.invoke(Method.java:498)
	at org.springframework.scheduling.support.ScheduledMethodRunnable.run(ScheduledMethodRunnable.java:65)
	at org.springframework.scheduling.support.DelegatingErrorHandlingRunnable.run(DelegatingErrorHandlingRunnable.java:54)
	at org.springframework.scheduling.concurrent.ReschedulingRunnable.run(ReschedulingRunnable.java:81)
	at java.util.concurrent.Executors$RunnableAdapter.call$$$capture(Executors.java:511)
	at java.util.concurrent.Executors$RunnableAdapter.call(Executors.java)
	at java.util.concurrent.FutureTask.run$$$capture(FutureTask.java:266)
	at java.util.concurrent.FutureTask.run(FutureTask.java)
	at java.util.concurrent.ScheduledThreadPoolExecutor$ScheduledFutureTask.access$201(ScheduledThreadPoolExecutor.java:180)
	at java.util.concurrent.ScheduledThreadPoolExecutor$ScheduledFutureTask.run(ScheduledThreadPoolExecutor.java:293)
	at java.util.concurrent.ThreadPoolExecutor.runWorker(ThreadPoolExecutor.java:1142)
	at java.util.concurrent.ThreadPoolExecutor$Worker.run(ThreadPoolExecutor.java:617)
	at java.lang.Thread.run(Thread.java:748)

2020-01-03 17:18:06.912  INFO 11520 --- [pool-5-thread-1] org.mongodb.driver.cluster               : No server chosen by WritableServerSelector from cluster description ClusterDescription{type=UNKNOWN, connectionMode=SINGLE, serverDescriptions=[ServerDescription{address=106.54.34.14:27017, type=UNKNOWN, state=CONNECTING, exception={com.mongodb.MongoSocketOpenException: Exception opening socket}, caused by {java.net.ConnectException: Connection refused: connect}}]}. Waiting for 30000 ms before timing out
2020-01-03 17:18:56.134  INFO 15156 --- [restartedMain] org.mongodb.driver.cluster               : Cluster created with settings {hosts=[106.54.34.142:27017], mode=SINGLE, requiredClusterType=UNKNOWN, serverSelectionTimeout='30000 ms', maxWaitQueueSize=50}
2020-01-03 17:18:56.274  INFO 15156 --- [cluster-ClusterId{value='5e0f07007188f43b34de8da8', description='null'}-106.54.34.142:27017] org.mongodb.driver.connection            : Opened connection [connectionId{localValue:1, serverValue:854}] to 106.54.34.142:27017
2020-01-03 17:18:56.281  INFO 15156 --- [restartedMain] ationConfigEmbeddedWebApplicationContext : Refreshing org.springframework.boot.context.embedded.AnnotationConfigEmbeddedWebApplicationContext@6a6f2579: startup date [Fri Jan 03 17:18:56 CST 2020]; root of context hierarchy
2020-01-03 17:18:56.299  INFO 15156 --- [cluster-ClusterId{value='5e0f07007188f43b34de8da8', description='null'}-106.54.34.142:27017] org.mongodb.driver.cluster               : Monitor thread successfully connected to server with description ServerDescription{address=106.54.34.142:27017, type=STANDALONE, state=CONNECTED, ok=true, version=ServerVersion{versionList=[3, 2, 7]}, minWireVersion=0, maxWireVersion=4, maxDocumentSize=16777216, roundTripTimeNanos=23247155}
2020-01-03 17:18:57.074  WARN 15156 --- [restartedMain] o.m.s.mapper.ClassPathMapperScanner      : No MyBatis mapper was found in '[com.code.anli.mapper.*.xml]' package. Please check your configuration.
2020-01-03 17:18:57.587  INFO 15156 --- [restartedMain] trationDelegate$BeanPostProcessorChecker : Bean 'org.springframework.amqp.rabbit.annotation.RabbitBootstrapConfiguration' of type [org.springframework.amqp.rabbit.annotation.RabbitBootstrapConfiguration$$EnhancerBySpringCGLIB$$a3f80f76] is not eligible for getting processed by all BeanPostProcessors (for example: not eligible for auto-proxying)
2020-01-03 17:18:57.904  INFO 15156 --- [restartedMain] s.b.c.e.t.TomcatEmbeddedServletContainer : Tomcat initialized with port(s): 8900 (http)
2020-01-03 17:18:57.915  INFO 15156 --- [restartedMain] o.apache.catalina.core.StandardService   : Starting service Tomcat
2020-01-03 17:18:57.915  INFO 15156 --- [restartedMain] org.apache.catalina.core.StandardEngine  : Starting Servlet Engine: Apache Tomcat/8.5.14
2020-01-03 17:18:58.026  INFO 15156 --- [localhost-startStop-1] o.a.c.c.C.[Tomcat].[localhost].[/taoke]  : Initializing Spring embedded WebApplicationContext
2020-01-03 17:18:58.026  INFO 15156 --- [localhost-startStop-1] o.s.web.context.ContextLoader            : Root WebApplicationContext: initialization completed in 1748 ms
2020-01-03 17:18:58.211  INFO 15156 --- [localhost-startStop-1] o.s.b.w.servlet.ServletRegistrationBean  : Mapping servlet: 'dispatcherServlet' to [/]
2020-01-03 17:18:58.215  INFO 15156 --- [localhost-startStop-1] o.s.b.w.servlet.FilterRegistrationBean   : Mapping filter: 'characterEncodingFilter' to: [/*]
2020-01-03 17:18:58.215  INFO 15156 --- [localhost-startStop-1] o.s.b.w.servlet.FilterRegistrationBean   : Mapping filter: 'hiddenHttpMethodFilter' to: [/*]
2020-01-03 17:18:58.216  INFO 15156 --- [localhost-startStop-1] o.s.b.w.servlet.FilterRegistrationBean   : Mapping filter: 'httpPutFormContentFilter' to: [/*]
2020-01-03 17:18:58.216  INFO 15156 --- [localhost-startStop-1] o.s.b.w.servlet.FilterRegistrationBean   : Mapping filter: 'requestContextFilter' to: [/*]
2020-01-03 17:18:58.613  INFO 15156 --- [restartedMain] com.alibaba.druid.pool.DruidDataSource   : {dataSource-1} inited
2020-01-03 17:18:59.426  INFO 15156 --- [restartedMain] s.w.s.m.m.a.RequestMappingHandlerAdapter : Looking for @ControllerAdvice: org.springframework.boot.context.embedded.AnnotationConfigEmbeddedWebApplicationContext@6a6f2579: startup date [Fri Jan 03 17:18:56 CST 2020]; root of context hierarchy
2020-01-03 17:18:59.484  INFO 15156 --- [restartedMain] s.w.s.m.m.a.RequestMappingHandlerMapping : Mapped "{[/Convert/generalConvert],methods=[POST]}" onto public java.util.Map com.code.anli.controller.ConvertController.generalConvert(com.alibaba.fastjson.JSONObject)
2020-01-03 17:18:59.486  INFO 15156 --- [restartedMain] s.w.s.m.m.a.RequestMappingHandlerMapping : Mapped "{[/api/v1/sendDirect],methods=[GET]}" onto public java.util.Map com.code.anli.controller.MessageController.sendDirect(com.alibaba.fastjson.JSONObject)
2020-01-03 17:18:59.486  INFO 15156 --- [restartedMain] s.w.s.m.m.a.RequestMappingHandlerMapping : Mapped "{[/api/v1/sendFanout],methods=[GET]}" onto public java.util.Map com.code.anli.controller.MessageController.sendFanout(com.alibaba.fastjson.JSONObject)
2020-01-03 17:18:59.487  INFO 15156 --- [restartedMain] s.w.s.m.m.a.RequestMappingHandlerMapping : Mapped "{[/api/v1/sendTopic],methods=[GET]}" onto public java.util.Map com.code.anli.controller.MessageController.sendTopic(com.alibaba.fastjson.JSONObject)
2020-01-03 17:18:59.487  INFO 15156 --- [restartedMain] s.w.s.m.m.a.RequestMappingHandlerMapping : Mapped "{[/order/queryOrder],methods=[POST]}" onto public java.util.Map com.code.anli.controller.OrderController.queryOrder(com.alibaba.fastjson.JSONObject)
2020-01-03 17:18:59.488  INFO 15156 --- [restartedMain] s.w.s.m.m.a.RequestMappingHandlerMapping : Mapped "{[/error]}" onto public org.springframework.http.ResponseEntity<java.util.Map<java.lang.String, java.lang.Object>> org.springframework.boot.autoconfigure.web.BasicErrorController.error(javax.servlet.http.HttpServletRequest)
2020-01-03 17:18:59.489  INFO 15156 --- [restartedMain] s.w.s.m.m.a.RequestMappingHandlerMapping : Mapped "{[/error],produces=[text/html]}" onto public org.springframework.web.servlet.ModelAndView org.springframework.boot.autoconfigure.web.BasicErrorController.errorHtml(javax.servlet.http.HttpServletRequest,javax.servlet.http.HttpServletResponse)
2020-01-03 17:18:59.538  INFO 15156 --- [restartedMain] o.s.w.s.handler.SimpleUrlHandlerMapping  : Mapped URL path [/webjars/**] onto handler of type [class org.springframework.web.servlet.resource.ResourceHttpRequestHandler]
2020-01-03 17:18:59.538  INFO 15156 --- [restartedMain] o.s.w.s.handler.SimpleUrlHandlerMapping  : Mapped URL path [/**] onto handler of type [class org.springframework.web.servlet.resource.ResourceHttpRequestHandler]
2020-01-03 17:18:59.559  INFO 15156 --- [restartedMain] .m.m.a.ExceptionHandlerExceptionResolver : Detected @ExceptionHandler methods in controllerExceptionAdvice
2020-01-03 17:18:59.586  INFO 15156 --- [restartedMain] o.s.w.s.handler.SimpleUrlHandlerMapping  : Mapped URL path [/**/favicon.ico] onto handler of type [class org.springframework.web.servlet.resource.ResourceHttpRequestHandler]
2020-01-03 17:18:59.813  INFO 15156 --- [restartedMain] org.mongodb.driver.cluster               : Cluster created with settings {hosts=[106.54.34.14:27017], mode=MULTIPLE, requiredClusterType=UNKNOWN, serverSelectionTimeout='30000 ms', maxWaitQueueSize=500}
2020-01-03 17:18:59.814  INFO 15156 --- [restartedMain] org.mongodb.driver.cluster               : Adding discovered server 106.54.34.14:27017 to client view of cluster
2020-01-03 17:19:00.099  INFO 15156 --- [restartedMain] o.s.b.d.a.OptionalLiveReloadServer       : LiveReload server is running on port 35729
2020-01-03 17:19:00.239  INFO 15156 --- [restartedMain] o.s.j.e.a.AnnotationMBeanExporter        : Registering beans for JMX exposure on startup
2020-01-03 17:19:00.241  INFO 15156 --- [restartedMain] o.s.j.e.a.AnnotationMBeanExporter        : Bean with name 'dataSource' has been autodetected for JMX exposure
2020-01-03 17:19:00.246  INFO 15156 --- [restartedMain] o.s.j.e.a.AnnotationMBeanExporter        : Bean with name 'rabbitConnectionFactory' has been autodetected for JMX exposure
2020-01-03 17:19:00.248  INFO 15156 --- [restartedMain] o.s.j.e.a.AnnotationMBeanExporter        : Located MBean 'dataSource': registering with JMX server as MBean [com.alibaba.druid.pool:name=dataSource,type=DruidDataSource]
2020-01-03 17:19:00.249  INFO 15156 --- [restartedMain] o.s.j.e.a.AnnotationMBeanExporter        : Located managed bean 'rabbitConnectionFactory': registering with JMX server as MBean [org.springframework.amqp.rabbit.connection:name=rabbitConnectionFactory,type=CachingConnectionFactory]
2020-01-03 17:19:00.276  INFO 15156 --- [restartedMain] o.s.c.support.DefaultLifecycleProcessor  : Starting beans in phase -2147482648
2020-01-03 17:19:00.276  INFO 15156 --- [restartedMain] o.s.c.support.DefaultLifecycleProcessor  : Starting beans in phase 2147483647
2020-01-03 17:19:00.389  INFO 15156 --- [SimpleAsyncTaskExecutor-1] o.s.a.r.c.CachingConnectionFactory       : Created new connection: SimpleConnection@f56e8b7 [delegate=amqp://guest@106.54.34.142:5672/, localPort= 63990]
2020-01-03 17:19:00.392  INFO 15156 --- [SimpleAsyncTaskExecutor-1] o.s.amqp.rabbit.core.RabbitAdmin         : Auto-declaring a non-durable, auto-delete, or exclusive Queue (topic.queue) durable:false, auto-delete:false, exclusive:false. It will be redeclared if the broker stops and is restarted while the connection factory is alive, but all messages will be lost.
2020-01-03 17:19:00.901  INFO 15156 --- [cluster-ClusterId{value='5e0f07037188f43b34de8da9', description='null'}-106.54.34.14:27017] org.mongodb.driver.cluster               : Exception in monitor thread while connecting to server 106.54.34.14:27017

com.mongodb.MongoSocketOpenException: Exception opening socket
	at com.mongodb.connection.SocketStream.open(SocketStream.java:63)
	at com.mongodb.connection.InternalStreamConnection.open(InternalStreamConnection.java:115)
	at com.mongodb.connection.DefaultServerMonitor$ServerMonitorRunnable.run(DefaultServerMonitor.java:113)
	at java.lang.Thread.run(Thread.java:748)
Caused by: java.net.ConnectException: Connection refused: connect
	at java.net.DualStackPlainSocketImpl.waitForConnect(Native Method)
	at java.net.DualStackPlainSocketImpl.socketConnect(DualStackPlainSocketImpl.java:85)
	at java.net.AbstractPlainSocketImpl.doConnect(AbstractPlainSocketImpl.java:350)
	at java.net.AbstractPlainSocketImpl.connectToAddress(AbstractPlainSocketImpl.java:206)
	at java.net.AbstractPlainSocketImpl.connect(AbstractPlainSocketImpl.java:188)
	at java.net.PlainSocketImpl.connect(PlainSocketImpl.java:172)
	at java.net.SocksSocketImpl.connect(SocksSocketImpl.java:392)
	at java.net.Socket.connect(Socket.java:589)
	at com.mongodb.connection.SocketStreamHelper.initialize(SocketStreamHelper.java:57)
	at com.mongodb.connection.SocketStream.open(SocketStream.java:58)
	... 3 common frames omitted

2020-01-03 17:19:01.008  INFO 15156 --- [restartedMain] s.a.ScheduledAnnotationBeanPostProcessor : No TaskScheduler/ScheduledExecutorService bean found for scheduled processing
2020-01-03 17:19:01.044  INFO 15156 --- [restartedMain] s.b.c.e.t.TomcatEmbeddedServletContainer : Tomcat started on port(s): 8900 (http)
2020-01-03 17:20:07.935 ERROR 15156 --- [pool-5-thread-1] o.s.s.s.TaskUtils$LoggingErrorHandler    : Unexpected error occurred in scheduled task.

java.lang.NullPointerException: null
	at com.code.anli.controller.OrderController.queryOrder(OrderController.java:87)
	at com.code.anli.mq.DirectReceiver.shcsd(DirectReceiver.java:58)
	at sun.reflect.NativeMethodAccessorImpl.invoke0(Native Method)
	at sun.reflect.NativeMethodAccessorImpl.invoke(NativeMethodAccessorImpl.java:62)
	at sun.reflect.DelegatingMethodAccessorImpl.invoke(DelegatingMethodAccessorImpl.java:43)
	at java.lang.reflect.Method.invoke(Method.java:498)
	at org.springframework.scheduling.support.ScheduledMethodRunnable.run(ScheduledMethodRunnable.java:65)
	at org.springframework.scheduling.support.DelegatingErrorHandlingRunnable.run(DelegatingErrorHandlingRunnable.java:54)
	at org.springframework.scheduling.concurrent.ReschedulingRunnable.run(ReschedulingRunnable.java:81)
	at java.util.concurrent.Executors$RunnableAdapter.call$$$capture(Executors.java:511)
	at java.util.concurrent.Executors$RunnableAdapter.call(Executors.java)
	at java.util.concurrent.FutureTask.run$$$capture(FutureTask.java:266)
	at java.util.concurrent.FutureTask.run(FutureTask.java)
	at java.util.concurrent.ScheduledThreadPoolExecutor$ScheduledFutureTask.access$201(ScheduledThreadPoolExecutor.java:180)
	at java.util.concurrent.ScheduledThreadPoolExecutor$ScheduledFutureTask.run(ScheduledThreadPoolExecutor.java:293)
	at java.util.concurrent.ThreadPoolExecutor.runWorker(ThreadPoolExecutor.java:1142)
	at java.util.concurrent.ThreadPoolExecutor$Worker.run(ThreadPoolExecutor.java:617)
	at java.lang.Thread.run(Thread.java:748)

2020-01-03 17:20:08.039  INFO 15156 --- [pool-5-thread-1] org.mongodb.driver.connection            : Opened connection [connectionId{localValue:9, serverValue:855}] to 106.54.34.142:27017
2020-01-03 17:20:23.867  INFO 18100 --- [restartedMain] org.mongodb.driver.cluster               : Cluster created with settings {hosts=[106.54.34.142:27017], mode=SINGLE, requiredClusterType=UNKNOWN, serverSelectionTimeout='30000 ms', maxWaitQueueSize=50}
2020-01-03 17:20:24.013  INFO 18100 --- [cluster-ClusterId{value='5e0f07577188f446b440ccf7', description='null'}-106.54.34.142:27017] org.mongodb.driver.connection            : Opened connection [connectionId{localValue:1, serverValue:856}] to 106.54.34.142:27017
2020-01-03 17:20:24.025  INFO 18100 --- [restartedMain] ationConfigEmbeddedWebApplicationContext : Refreshing org.springframework.boot.context.embedded.AnnotationConfigEmbeddedWebApplicationContext@60203284: startup date [Fri Jan 03 17:20:24 CST 2020]; root of context hierarchy
2020-01-03 17:20:24.048  INFO 18100 --- [cluster-ClusterId{value='5e0f07577188f446b440ccf7', description='null'}-106.54.34.142:27017] org.mongodb.driver.cluster               : Monitor thread successfully connected to server with description ServerDescription{address=106.54.34.142:27017, type=STANDALONE, state=CONNECTED, ok=true, version=ServerVersion{versionList=[3, 2, 7]}, minWireVersion=0, maxWireVersion=4, maxDocumentSize=16777216, roundTripTimeNanos=32883267}
2020-01-03 17:20:24.937  WARN 18100 --- [restartedMain] o.m.s.mapper.ClassPathMapperScanner      : No MyBatis mapper was found in '[com.code.anli.mapper.*.xml]' package. Please check your configuration.
2020-01-03 17:20:25.461  INFO 18100 --- [restartedMain] trationDelegate$BeanPostProcessorChecker : Bean 'org.springframework.amqp.rabbit.annotation.RabbitBootstrapConfiguration' of type [org.springframework.amqp.rabbit.annotation.RabbitBootstrapConfiguration$$EnhancerBySpringCGLIB$$c843d2c7] is not eligible for getting processed by all BeanPostProcessors (for example: not eligible for auto-proxying)
2020-01-03 17:20:25.775  INFO 18100 --- [restartedMain] s.b.c.e.t.TomcatEmbeddedServletContainer : Tomcat initialized with port(s): 8900 (http)
2020-01-03 17:20:25.786  INFO 18100 --- [restartedMain] o.apache.catalina.core.StandardService   : Starting service Tomcat
2020-01-03 17:20:25.787  INFO 18100 --- [restartedMain] org.apache.catalina.core.StandardEngine  : Starting Servlet Engine: Apache Tomcat/8.5.14
2020-01-03 17:20:25.890  INFO 18100 --- [localhost-startStop-1] o.a.c.c.C.[Tomcat].[localhost].[/taoke]  : Initializing Spring embedded WebApplicationContext
2020-01-03 17:20:25.890  INFO 18100 --- [localhost-startStop-1] o.s.web.context.ContextLoader            : Root WebApplicationContext: initialization completed in 1867 ms
2020-01-03 17:20:26.075  INFO 18100 --- [localhost-startStop-1] o.s.b.w.servlet.ServletRegistrationBean  : Mapping servlet: 'dispatcherServlet' to [/]
2020-01-03 17:20:26.079  INFO 18100 --- [localhost-startStop-1] o.s.b.w.servlet.FilterRegistrationBean   : Mapping filter: 'characterEncodingFilter' to: [/*]
2020-01-03 17:20:26.079  INFO 18100 --- [localhost-startStop-1] o.s.b.w.servlet.FilterRegistrationBean   : Mapping filter: 'hiddenHttpMethodFilter' to: [/*]
2020-01-03 17:20:26.080  INFO 18100 --- [localhost-startStop-1] o.s.b.w.servlet.FilterRegistrationBean   : Mapping filter: 'httpPutFormContentFilter' to: [/*]
2020-01-03 17:20:26.080  INFO 18100 --- [localhost-startStop-1] o.s.b.w.servlet.FilterRegistrationBean   : Mapping filter: 'requestContextFilter' to: [/*]
2020-01-03 17:20:26.481  INFO 18100 --- [restartedMain] com.alibaba.druid.pool.DruidDataSource   : {dataSource-1} inited
2020-01-03 17:20:27.295  INFO 18100 --- [restartedMain] s.w.s.m.m.a.RequestMappingHandlerAdapter : Looking for @ControllerAdvice: org.springframework.boot.context.embedded.AnnotationConfigEmbeddedWebApplicationContext@60203284: startup date [Fri Jan 03 17:20:24 CST 2020]; root of context hierarchy
2020-01-03 17:20:27.353  INFO 18100 --- [restartedMain] s.w.s.m.m.a.RequestMappingHandlerMapping : Mapped "{[/Convert/generalConvert],methods=[POST]}" onto public java.util.Map com.code.anli.controller.ConvertController.generalConvert(com.alibaba.fastjson.JSONObject)
2020-01-03 17:20:27.356  INFO 18100 --- [restartedMain] s.w.s.m.m.a.RequestMappingHandlerMapping : Mapped "{[/api/v1/sendTopic],methods=[GET]}" onto public java.util.Map com.code.anli.controller.MessageController.sendTopic(com.alibaba.fastjson.JSONObject)
2020-01-03 17:20:27.356  INFO 18100 --- [restartedMain] s.w.s.m.m.a.RequestMappingHandlerMapping : Mapped "{[/api/v1/sendDirect],methods=[GET]}" onto public java.util.Map com.code.anli.controller.MessageController.sendDirect(com.alibaba.fastjson.JSONObject)
2020-01-03 17:20:27.356  INFO 18100 --- [restartedMain] s.w.s.m.m.a.RequestMappingHandlerMapping : Mapped "{[/api/v1/sendFanout],methods=[GET]}" onto public java.util.Map com.code.anli.controller.MessageController.sendFanout(com.alibaba.fastjson.JSONObject)
2020-01-03 17:20:27.357  INFO 18100 --- [restartedMain] s.w.s.m.m.a.RequestMappingHandlerMapping : Mapped "{[/order/queryOrder],methods=[POST]}" onto public java.util.Map com.code.anli.controller.OrderController.queryOrder(com.alibaba.fastjson.JSONObject)
2020-01-03 17:20:27.358  INFO 18100 --- [restartedMain] s.w.s.m.m.a.RequestMappingHandlerMapping : Mapped "{[/error]}" onto public org.springframework.http.ResponseEntity<java.util.Map<java.lang.String, java.lang.Object>> org.springframework.boot.autoconfigure.web.BasicErrorController.error(javax.servlet.http.HttpServletRequest)
2020-01-03 17:20:27.358  INFO 18100 --- [restartedMain] s.w.s.m.m.a.RequestMappingHandlerMapping : Mapped "{[/error],produces=[text/html]}" onto public org.springframework.web.servlet.ModelAndView org.springframework.boot.autoconfigure.web.BasicErrorController.errorHtml(javax.servlet.http.HttpServletRequest,javax.servlet.http.HttpServletResponse)
2020-01-03 17:20:27.408  INFO 18100 --- [restartedMain] o.s.w.s.handler.SimpleUrlHandlerMapping  : Mapped URL path [/webjars/**] onto handler of type [class org.springframework.web.servlet.resource.ResourceHttpRequestHandler]
2020-01-03 17:20:27.408  INFO 18100 --- [restartedMain] o.s.w.s.handler.SimpleUrlHandlerMapping  : Mapped URL path [/**] onto handler of type [class org.springframework.web.servlet.resource.ResourceHttpRequestHandler]
2020-01-03 17:20:27.430  INFO 18100 --- [restartedMain] .m.m.a.ExceptionHandlerExceptionResolver : Detected @ExceptionHandler methods in controllerExceptionAdvice
2020-01-03 17:20:27.459  INFO 18100 --- [restartedMain] o.s.w.s.handler.SimpleUrlHandlerMapping  : Mapped URL path [/**/favicon.ico] onto handler of type [class org.springframework.web.servlet.resource.ResourceHttpRequestHandler]
2020-01-03 17:20:27.683  INFO 18100 --- [restartedMain] org.mongodb.driver.cluster               : Cluster created with settings {hosts=[106.54.34.142:27017], mode=MULTIPLE, requiredClusterType=UNKNOWN, serverSelectionTimeout='30000 ms', maxWaitQueueSize=500}
2020-01-03 17:20:27.683  INFO 18100 --- [restartedMain] org.mongodb.driver.cluster               : Adding discovered server 106.54.34.142:27017 to client view of cluster
2020-01-03 17:20:27.777  INFO 18100 --- [cluster-ClusterId{value='5e0f075b7188f446b440ccf8', description='null'}-106.54.34.142:27017] org.mongodb.driver.connection            : Opened connection [connectionId{localValue:2, serverValue:857}] to 106.54.34.142:27017
2020-01-03 17:20:27.799  INFO 18100 --- [cluster-ClusterId{value='5e0f075b7188f446b440ccf8', description='null'}-106.54.34.142:27017] org.mongodb.driver.cluster               : Monitor thread successfully connected to server with description ServerDescription{address=106.54.34.142:27017, type=STANDALONE, state=CONNECTED, ok=true, version=ServerVersion{versionList=[3, 2, 7]}, minWireVersion=0, maxWireVersion=4, maxDocumentSize=16777216, roundTripTimeNanos=21446766}
2020-01-03 17:20:27.800  INFO 18100 --- [cluster-ClusterId{value='5e0f075b7188f446b440ccf8', description='null'}-106.54.34.142:27017] org.mongodb.driver.cluster               : Discovered cluster type of STANDALONE
2020-01-03 17:20:27.992  INFO 18100 --- [restartedMain] o.s.b.d.a.OptionalLiveReloadServer       : LiveReload server is running on port 35729
2020-01-03 17:20:28.133  INFO 18100 --- [restartedMain] o.s.j.e.a.AnnotationMBeanExporter        : Registering beans for JMX exposure on startup
2020-01-03 17:20:28.134  INFO 18100 --- [restartedMain] o.s.j.e.a.AnnotationMBeanExporter        : Bean with name 'dataSource' has been autodetected for JMX exposure
2020-01-03 17:20:28.140  INFO 18100 --- [restartedMain] o.s.j.e.a.AnnotationMBeanExporter        : Bean with name 'rabbitConnectionFactory' has been autodetected for JMX exposure
2020-01-03 17:20:28.142  INFO 18100 --- [restartedMain] o.s.j.e.a.AnnotationMBeanExporter        : Located MBean 'dataSource': registering with JMX server as MBean [com.alibaba.druid.pool:name=dataSource,type=DruidDataSource]
2020-01-03 17:20:28.143  INFO 18100 --- [restartedMain] o.s.j.e.a.AnnotationMBeanExporter        : Located managed bean 'rabbitConnectionFactory': registering with JMX server as MBean [org.springframework.amqp.rabbit.connection:name=rabbitConnectionFactory,type=CachingConnectionFactory]
2020-01-03 17:20:28.171  INFO 18100 --- [restartedMain] o.s.c.support.DefaultLifecycleProcessor  : Starting beans in phase -2147482648
2020-01-03 17:20:28.171  INFO 18100 --- [restartedMain] o.s.c.support.DefaultLifecycleProcessor  : Starting beans in phase 2147483647
2020-01-03 17:20:28.289  INFO 18100 --- [SimpleAsyncTaskExecutor-1] o.s.a.r.c.CachingConnectionFactory       : Created new connection: SimpleConnection@1eb82824 [delegate=amqp://guest@106.54.34.142:5672/, localPort= 64052]
2020-01-03 17:20:28.292  INFO 18100 --- [SimpleAsyncTaskExecutor-1] o.s.amqp.rabbit.core.RabbitAdmin         : Auto-declaring a non-durable, auto-delete, or exclusive Queue (topic.queue) durable:false, auto-delete:false, exclusive:false. It will be redeclared if the broker stops and is restarted while the connection factory is alive, but all messages will be lost.
2020-01-03 17:20:28.879  INFO 18100 --- [restartedMain] s.a.ScheduledAnnotationBeanPostProcessor : No TaskScheduler/ScheduledExecutorService bean found for scheduled processing
2020-01-03 17:20:28.918  INFO 18100 --- [restartedMain] s.b.c.e.t.TomcatEmbeddedServletContainer : Tomcat started on port(s): 8900 (http)
2020-01-03 17:24:20.715  WARN 18100 --- [AMQP Connection 106.54.34.142:5672] c.r.c.impl.ForgivingExceptionHandler     : An unexpected connection driver error occured (Exception message: Connection reset)
2020-01-03 17:24:21.744 ERROR 18100 --- [AMQP Connection 106.54.34.142:5672] o.s.a.r.c.CachingConnectionFactory       : Channel shutdown: connection error
2020-01-03 17:24:21.746 ERROR 18100 --- [AMQP Connection 106.54.34.142:5672] o.s.a.r.c.CachingConnectionFactory       : Channel shutdown: connection error
2020-01-03 17:24:21.746 ERROR 18100 --- [AMQP Connection 106.54.34.142:5672] o.s.a.r.c.CachingConnectionFactory       : Channel shutdown: connection error
2020-01-03 17:24:21.747 ERROR 18100 --- [AMQP Connection 106.54.34.142:5672] o.s.a.r.c.CachingConnectionFactory       : Channel shutdown: connection error
2020-01-03 17:24:21.747 ERROR 18100 --- [pool-5-thread-1] o.s.s.s.TaskUtils$LoggingErrorHandler    : Unexpected error occurred in scheduled task.

java.lang.NullPointerException: null
	at com.code.anli.controller.OrderController.queryOrder(OrderController.java:87)
	at com.code.anli.mq.DirectReceiver.shcsd(DirectReceiver.java:58)
	at sun.reflect.NativeMethodAccessorImpl.invoke0(Native Method)
	at sun.reflect.NativeMethodAccessorImpl.invoke(NativeMethodAccessorImpl.java:62)
	at sun.reflect.DelegatingMethodAccessorImpl.invoke(DelegatingMethodAccessorImpl.java:43)
	at java.lang.reflect.Method.invoke(Method.java:498)
	at org.springframework.scheduling.support.ScheduledMethodRunnable.run(ScheduledMethodRunnable.java:65)
	at org.springframework.scheduling.support.DelegatingErrorHandlingRunnable.run(DelegatingErrorHandlingRunnable.java:54)
	at org.springframework.scheduling.concurrent.ReschedulingRunnable.run(ReschedulingRunnable.java:81)
	at java.util.concurrent.Executors$RunnableAdapter.call$$$capture(Executors.java:511)
	at java.util.concurrent.Executors$RunnableAdapter.call(Executors.java)
	at java.util.concurrent.FutureTask.run$$$capture(FutureTask.java:266)
	at java.util.concurrent.FutureTask.run(FutureTask.java)
	at java.util.concurrent.ScheduledThreadPoolExecutor$ScheduledFutureTask.access$201(ScheduledThreadPoolExecutor.java:180)
	at java.util.concurrent.ScheduledThreadPoolExecutor$ScheduledFutureTask.run(ScheduledThreadPoolExecutor.java:293)
	at java.util.concurrent.ThreadPoolExecutor.runWorker(ThreadPoolExecutor.java:1142)
	at java.util.concurrent.ThreadPoolExecutor$Worker.run(ThreadPoolExecutor.java:617)
	at java.lang.Thread.run(Thread.java:748)

2020-01-03 17:24:21.845  INFO 18100 --- [pool-5-thread-1] org.mongodb.driver.connection            : Opened connection [connectionId{localValue:3, serverValue:858}] to 106.54.34.142:27017
2020-01-03 17:24:22.747  INFO 18100 --- [SimpleAsyncTaskExecutor-1] o.s.a.r.l.SimpleMessageListenerContainer : Restarting Consumer@27702985: tags=[{amq.ctag-7_81WYyx9ehk1CbS0o0c-w=topic.queue}], channel=Cached Rabbit Channel: PublisherCallbackChannelImpl: AMQChannel(amqp://guest@106.54.34.142:5672/,3), conn: Proxy@33df2885 Shared Rabbit Connection: SimpleConnection@1eb82824 [delegate=amqp://guest@106.54.34.142:5672/, localPort= 64052], acknowledgeMode=AUTO local queue size=0
2020-01-03 17:24:22.747  INFO 18100 --- [SimpleAsyncTaskExecutor-1] o.s.a.r.l.SimpleMessageListenerContainer : Restarting Consumer@785aff6c: tags=[{amq.ctag-Pdd2zFWLGhxWVrTN8rVpEQ=fanout.queue}], channel=Cached Rabbit Channel: PublisherCallbackChannelImpl: AMQChannel(amqp://guest@106.54.34.142:5672/,2), conn: Proxy@33df2885 Shared Rabbit Connection: SimpleConnection@1eb82824 [delegate=amqp://guest@106.54.34.142:5672/, localPort= 64052], acknowledgeMode=AUTO local queue size=0
2020-01-03 17:24:22.747  INFO 18100 --- [SimpleAsyncTaskExecutor-1] o.s.a.r.l.SimpleMessageListenerContainer : Restarting Consumer@280dd990: tags=[{amq.ctag-utRO5wXKA8-kLj5YfMDb6g=direct.queue}], channel=Cached Rabbit Channel: PublisherCallbackChannelImpl: AMQChannel(amqp://guest@106.54.34.142:5672/,1), conn: Proxy@33df2885 Shared Rabbit Connection: SimpleConnection@1eb82824 [delegate=amqp://guest@106.54.34.142:5672/, localPort= 64052], acknowledgeMode=AUTO local queue size=0
2020-01-03 17:24:22.847  INFO 18100 --- [SimpleAsyncTaskExecutor-2] o.s.a.r.c.CachingConnectionFactory       : Created new connection: SimpleConnection@559f87b5 [delegate=amqp://guest@106.54.34.142:5672/, localPort= 64124]
2020-01-03 17:24:22.847  INFO 18100 --- [SimpleAsyncTaskExecutor-2] o.s.amqp.rabbit.core.RabbitAdmin         : Auto-declaring a non-durable, auto-delete, or exclusive Queue (topic.queue) durable:false, auto-delete:false, exclusive:false. It will be redeclared if the broker stops and is restarted while the connection factory is alive, but all messages will be lost.
2020-01-03 17:24:43.375  INFO 18100 --- [Thread-17] ationConfigEmbeddedWebApplicationContext : Closing org.springframework.boot.context.embedded.AnnotationConfigEmbeddedWebApplicationContext@60203284: startup date [Fri Jan 03 17:20:24 CST 2020]; root of context hierarchy
2020-01-03 17:24:43.378  INFO 18100 --- [Thread-17] o.s.c.support.DefaultLifecycleProcessor  : Stopping beans in phase 2147483647
2020-01-03 17:24:43.404  INFO 18100 --- [Thread-17] o.s.a.r.l.SimpleMessageListenerContainer : Waiting for workers to finish.
2020-01-03 17:24:44.244  INFO 18100 --- [Thread-17] o.s.a.r.l.SimpleMessageListenerContainer : Successfully waited for workers to finish.
2020-01-03 17:24:44.269  INFO 18100 --- [Thread-17] o.s.a.r.l.SimpleMessageListenerContainer : Waiting for workers to finish.
2020-01-03 17:24:45.245  INFO 18100 --- [Thread-17] o.s.a.r.l.SimpleMessageListenerContainer : Successfully waited for workers to finish.
2020-01-03 17:24:45.268  INFO 18100 --- [Thread-17] o.s.a.r.l.SimpleMessageListenerContainer : Waiting for workers to finish.
2020-01-03 17:24:46.230  INFO 18100 --- [Thread-17] o.s.a.r.l.SimpleMessageListenerContainer : Successfully waited for workers to finish.
2020-01-03 17:24:46.231  INFO 18100 --- [Thread-17] o.s.c.support.DefaultLifecycleProcessor  : Stopping beans in phase -2147482648
2020-01-03 17:24:46.234  INFO 18100 --- [Thread-17] o.s.j.e.a.AnnotationMBeanExporter        : Unregistering JMX-exposed beans on shutdown
2020-01-03 17:24:46.234  INFO 18100 --- [Thread-17] o.s.j.e.a.AnnotationMBeanExporter        : Unregistering JMX-exposed beans
2020-01-03 17:24:46.262  INFO 18100 --- [Thread-17] com.alibaba.druid.pool.DruidDataSource   : {dataSource-1} closed
2020-01-03 17:24:46.697  INFO 18100 --- [restartedMain] org.mongodb.driver.cluster               : Cluster created with settings {hosts=[106.54.34.142:27017], mode=SINGLE, requiredClusterType=UNKNOWN, serverSelectionTimeout='30000 ms', maxWaitQueueSize=50}
2020-01-03 17:24:46.708  INFO 18100 --- [restartedMain] ationConfigEmbeddedWebApplicationContext : Refreshing org.springframework.boot.context.embedded.AnnotationConfigEmbeddedWebApplicationContext@45386cef: startup date [Fri Jan 03 17:24:46 CST 2020]; root of context hierarchy
2020-01-03 17:24:46.787  INFO 18100 --- [cluster-ClusterId{value='5e0f085e7188f446b440ccfa', description='null'}-106.54.34.142:27017] org.mongodb.driver.connection            : Opened connection [connectionId{localValue:4, serverValue:859}] to 106.54.34.142:27017
2020-01-03 17:24:46.811  INFO 18100 --- [cluster-ClusterId{value='5e0f085e7188f446b440ccfa', description='null'}-106.54.34.142:27017] org.mongodb.driver.cluster               : Monitor thread successfully connected to server with description ServerDescription{address=106.54.34.142:27017, type=STANDALONE, state=CONNECTED, ok=true, version=ServerVersion{versionList=[3, 2, 7]}, minWireVersion=0, maxWireVersion=4, maxDocumentSize=16777216, roundTripTimeNanos=22091872}
2020-01-03 17:24:47.099  WARN 18100 --- [restartedMain] o.m.s.mapper.ClassPathMapperScanner      : No MyBatis mapper was found in '[com.code.anli.mapper.*.xml]' package. Please check your configuration.
2020-01-03 17:24:47.247  INFO 18100 --- [restartedMain] trationDelegate$BeanPostProcessorChecker : Bean 'org.springframework.amqp.rabbit.annotation.RabbitBootstrapConfiguration' of type [org.springframework.amqp.rabbit.annotation.RabbitBootstrapConfiguration$$EnhancerBySpringCGLIB$$c843d2c7] is not eligible for getting processed by all BeanPostProcessors (for example: not eligible for auto-proxying)
2020-01-03 17:24:47.368  INFO 18100 --- [restartedMain] s.b.c.e.t.TomcatEmbeddedServletContainer : Tomcat initialized with port(s): 8900 (http)
2020-01-03 17:24:47.369  INFO 18100 --- [restartedMain] o.apache.catalina.core.StandardService   : Starting service Tomcat
2020-01-03 17:24:47.369  INFO 18100 --- [restartedMain] org.apache.catalina.core.StandardEngine  : Starting Servlet Engine: Apache Tomcat/8.5.14
2020-01-03 17:24:47.410  INFO 18100 --- [localhost-startStop-1] o.a.c.c.C.[Tomcat].[localhost].[/taoke]  : Initializing Spring embedded WebApplicationContext
2020-01-03 17:24:47.410  INFO 18100 --- [localhost-startStop-1] o.s.web.context.ContextLoader            : Root WebApplicationContext: initialization completed in 702 ms
2020-01-03 17:24:47.466  INFO 18100 --- [localhost-startStop-1] o.s.b.w.servlet.ServletRegistrationBean  : Mapping servlet: 'dispatcherServlet' to [/]
2020-01-03 17:24:47.466  INFO 18100 --- [localhost-startStop-1] o.s.b.w.servlet.FilterRegistrationBean   : Mapping filter: 'characterEncodingFilter' to: [/*]
2020-01-03 17:24:47.466  INFO 18100 --- [localhost-startStop-1] o.s.b.w.servlet.FilterRegistrationBean   : Mapping filter: 'hiddenHttpMethodFilter' to: [/*]
2020-01-03 17:24:47.466  INFO 18100 --- [localhost-startStop-1] o.s.b.w.servlet.FilterRegistrationBean   : Mapping filter: 'httpPutFormContentFilter' to: [/*]
2020-01-03 17:24:47.466  INFO 18100 --- [localhost-startStop-1] o.s.b.w.servlet.FilterRegistrationBean   : Mapping filter: 'requestContextFilter' to: [/*]
2020-01-03 17:24:47.600  INFO 18100 --- [restartedMain] com.alibaba.druid.pool.DruidDataSource   : {dataSource-2} inited
2020-01-03 17:24:47.960  INFO 18100 --- [restartedMain] s.w.s.m.m.a.RequestMappingHandlerAdapter : Looking for @ControllerAdvice: org.springframework.boot.context.embedded.AnnotationConfigEmbeddedWebApplicationContext@45386cef: startup date [Fri Jan 03 17:24:46 CST 2020]; root of context hierarchy
2020-01-03 17:24:47.977  INFO 18100 --- [restartedMain] s.w.s.m.m.a.RequestMappingHandlerMapping : Mapped "{[/Convert/generalConvert],methods=[POST]}" onto public java.util.Map com.code.anli.controller.ConvertController.generalConvert(com.alibaba.fastjson.JSONObject)
2020-01-03 17:24:47.978  INFO 18100 --- [restartedMain] s.w.s.m.m.a.RequestMappingHandlerMapping : Mapped "{[/api/v1/sendTopic],methods=[GET]}" onto public java.util.Map com.code.anli.controller.MessageController.sendTopic(com.alibaba.fastjson.JSONObject)
2020-01-03 17:24:47.978  INFO 18100 --- [restartedMain] s.w.s.m.m.a.RequestMappingHandlerMapping : Mapped "{[/api/v1/sendDirect],methods=[GET]}" onto public java.util.Map com.code.anli.controller.MessageController.sendDirect(com.alibaba.fastjson.JSONObject)
2020-01-03 17:24:47.978  INFO 18100 --- [restartedMain] s.w.s.m.m.a.RequestMappingHandlerMapping : Mapped "{[/api/v1/sendFanout],methods=[GET]}" onto public java.util.Map com.code.anli.controller.MessageController.sendFanout(com.alibaba.fastjson.JSONObject)
2020-01-03 17:24:47.979  INFO 18100 --- [restartedMain] s.w.s.m.m.a.RequestMappingHandlerMapping : Mapped "{[/order/queryOrder],methods=[POST]}" onto public java.util.Map com.code.anli.controller.OrderController.queryOrder(com.alibaba.fastjson.JSONObject)
2020-01-03 17:24:47.980  INFO 18100 --- [restartedMain] s.w.s.m.m.a.RequestMappingHandlerMapping : Mapped "{[/error]}" onto public org.springframework.http.ResponseEntity<java.util.Map<java.lang.String, java.lang.Object>> org.springframework.boot.autoconfigure.web.BasicErrorController.error(javax.servlet.http.HttpServletRequest)
2020-01-03 17:24:47.981  INFO 18100 --- [restartedMain] s.w.s.m.m.a.RequestMappingHandlerMapping : Mapped "{[/error],produces=[text/html]}" onto public org.springframework.web.servlet.ModelAndView org.springframework.boot.autoconfigure.web.BasicErrorController.errorHtml(javax.servlet.http.HttpServletRequest,javax.servlet.http.HttpServletResponse)
2020-01-03 17:24:48.005  INFO 18100 --- [restartedMain] o.s.w.s.handler.SimpleUrlHandlerMapping  : Mapped URL path [/webjars/**] onto handler of type [class org.springframework.web.servlet.resource.ResourceHttpRequestHandler]
2020-01-03 17:24:48.006  INFO 18100 --- [restartedMain] o.s.w.s.handler.SimpleUrlHandlerMapping  : Mapped URL path [/**] onto handler of type [class org.springframework.web.servlet.resource.ResourceHttpRequestHandler]
2020-01-03 17:24:48.019  INFO 18100 --- [restartedMain] .m.m.a.ExceptionHandlerExceptionResolver : Detected @ExceptionHandler methods in controllerExceptionAdvice
2020-01-03 17:24:48.029  INFO 18100 --- [restartedMain] o.s.w.s.handler.SimpleUrlHandlerMapping  : Mapped URL path [/**/favicon.ico] onto handler of type [class org.springframework.web.servlet.resource.ResourceHttpRequestHandler]
2020-01-03 17:24:48.104  INFO 18100 --- [restartedMain] org.mongodb.driver.cluster               : Cluster created with settings {hosts=[106.54.34.142:27017], mode=MULTIPLE, requiredClusterType=UNKNOWN, serverSelectionTimeout='30000 ms', maxWaitQueueSize=500}
2020-01-03 17:24:48.105  INFO 18100 --- [restartedMain] org.mongodb.driver.cluster               : Adding discovered server 106.54.34.142:27017 to client view of cluster
2020-01-03 17:24:48.192  INFO 18100 --- [cluster-ClusterId{value='5e0f08607188f446b440ccfb', description='null'}-106.54.34.142:27017] org.mongodb.driver.connection            : Opened connection [connectionId{localValue:5, serverValue:860}] to 106.54.34.142:27017
2020-01-03 17:24:48.196  INFO 18100 --- [restartedMain] o.s.b.d.a.OptionalLiveReloadServer       : LiveReload server is running on port 35729
2020-01-03 17:24:48.213  INFO 18100 --- [cluster-ClusterId{value='5e0f08607188f446b440ccfb', description='null'}-106.54.34.142:27017] org.mongodb.driver.cluster               : Monitor thread successfully connected to server with description ServerDescription{address=106.54.34.142:27017, type=STANDALONE, state=CONNECTED, ok=true, version=ServerVersion{versionList=[3, 2, 7]}, minWireVersion=0, maxWireVersion=4, maxDocumentSize=16777216, roundTripTimeNanos=21143723}
2020-01-03 17:24:48.214  INFO 18100 --- [cluster-ClusterId{value='5e0f08607188f446b440ccfb', description='null'}-106.54.34.142:27017] org.mongodb.driver.cluster               : Discovered cluster type of STANDALONE
2020-01-03 17:24:48.337  INFO 18100 --- [restartedMain] o.s.j.e.a.AnnotationMBeanExporter        : Registering beans for JMX exposure on startup
2020-01-03 17:24:48.338  INFO 18100 --- [restartedMain] o.s.j.e.a.AnnotationMBeanExporter        : Bean with name 'dataSource' has been autodetected for JMX exposure
2020-01-03 17:24:48.340  INFO 18100 --- [restartedMain] o.s.j.e.a.AnnotationMBeanExporter        : Bean with name 'rabbitConnectionFactory' has been autodetected for JMX exposure
2020-01-03 17:24:48.341  INFO 18100 --- [restartedMain] o.s.j.e.a.AnnotationMBeanExporter        : Located MBean 'dataSource': registering with JMX server as MBean [com.alibaba.druid.pool:name=dataSource,type=DruidDataSource]
2020-01-03 17:24:48.342  INFO 18100 --- [restartedMain] o.s.j.e.a.AnnotationMBeanExporter        : Located managed bean 'rabbitConnectionFactory': registering with JMX server as MBean [org.springframework.amqp.rabbit.connection:name=rabbitConnectionFactory,type=CachingConnectionFactory]
2020-01-03 17:24:48.348  INFO 18100 --- [restartedMain] o.s.c.support.DefaultLifecycleProcessor  : Starting beans in phase -2147482648
2020-01-03 17:24:48.348  INFO 18100 --- [restartedMain] o.s.c.support.DefaultLifecycleProcessor  : Starting beans in phase 2147483647
2020-01-03 17:24:48.429  INFO 18100 --- [SimpleAsyncTaskExecutor-1] o.s.a.r.c.CachingConnectionFactory       : Created new connection: SimpleConnection@1efe6beb [delegate=amqp://guest@106.54.34.142:5672/, localPort= 64139]
2020-01-03 17:24:48.430  INFO 18100 --- [SimpleAsyncTaskExecutor-1] o.s.amqp.rabbit.core.RabbitAdmin         : Auto-declaring a non-durable, auto-delete, or exclusive Queue (topic.queue) durable:false, auto-delete:false, exclusive:false. It will be redeclared if the broker stops and is restarted while the connection factory is alive, but all messages will be lost.
2020-01-03 17:24:48.934  INFO 18100 --- [restartedMain] s.a.ScheduledAnnotationBeanPostProcessor : No TaskScheduler/ScheduledExecutorService bean found for scheduled processing
2020-01-03 17:24:48.948  INFO 18100 --- [restartedMain] s.b.c.e.t.TomcatEmbeddedServletContainer : Tomcat started on port(s): 8900 (http)
2020-01-03 17:33:03.746  INFO 18100 --- [Thread-27] ationConfigEmbeddedWebApplicationContext : Closing org.springframework.boot.context.embedded.AnnotationConfigEmbeddedWebApplicationContext@45386cef: startup date [Fri Jan 03 17:24:46 CST 2020]; root of context hierarchy
2020-01-03 17:33:03.748  INFO 18100 --- [Thread-27] o.s.c.support.DefaultLifecycleProcessor  : Stopping beans in phase 2147483647
2020-01-03 17:33:03.778  INFO 18100 --- [Thread-27] o.s.a.r.l.SimpleMessageListenerContainer : Waiting for workers to finish.
2020-01-03 17:33:04.697  INFO 18100 --- [Thread-27] o.s.a.r.l.SimpleMessageListenerContainer : Successfully waited for workers to finish.
2020-01-03 17:33:04.738  INFO 18100 --- [Thread-27] o.s.a.r.l.SimpleMessageListenerContainer : Waiting for workers to finish.
2020-01-03 17:33:04.903  INFO 18100 --- [Thread-27] o.s.a.r.l.SimpleMessageListenerContainer : Successfully waited for workers to finish.
2020-01-03 17:33:04.929  INFO 18100 --- [Thread-27] o.s.a.r.l.SimpleMessageListenerContainer : Waiting for workers to finish.
2020-01-03 17:33:05.895  INFO 18100 --- [Thread-27] o.s.a.r.l.SimpleMessageListenerContainer : Successfully waited for workers to finish.
2020-01-03 17:33:05.896  INFO 18100 --- [Thread-27] o.s.c.support.DefaultLifecycleProcessor  : Stopping beans in phase -2147482648
2020-01-03 17:33:05.897  INFO 18100 --- [Thread-27] o.s.j.e.a.AnnotationMBeanExporter        : Unregistering JMX-exposed beans on shutdown
2020-01-03 17:33:05.897  INFO 18100 --- [Thread-27] o.s.j.e.a.AnnotationMBeanExporter        : Unregistering JMX-exposed beans
2020-01-03 17:33:05.945  INFO 18100 --- [Thread-27] com.alibaba.druid.pool.DruidDataSource   : {dataSource-2} closed
2020-01-03 17:33:06.927  INFO 18100 --- [restartedMain] org.mongodb.driver.cluster               : Cluster created with settings {hosts=[106.54.34.142:27017], mode=SINGLE, requiredClusterType=UNKNOWN, serverSelectionTimeout='30000 ms', maxWaitQueueSize=50}
2020-01-03 17:33:06.946  INFO 18100 --- [restartedMain] ationConfigEmbeddedWebApplicationContext : Refreshing org.springframework.boot.context.embedded.AnnotationConfigEmbeddedWebApplicationContext@49174517: startup date [Fri Jan 03 17:33:06 CST 2020]; root of context hierarchy
2020-01-03 17:33:07.025  INFO 18100 --- [cluster-ClusterId{value='5e0f0a527188f446b440ccfc', description='null'}-106.54.34.142:27017] org.mongodb.driver.connection            : Opened connection [connectionId{localValue:6, serverValue:861}] to 106.54.34.142:27017
2020-01-03 17:33:07.047  INFO 18100 --- [cluster-ClusterId{value='5e0f0a527188f446b440ccfc', description='null'}-106.54.34.142:27017] org.mongodb.driver.cluster               : Monitor thread successfully connected to server with description ServerDescription{address=106.54.34.142:27017, type=STANDALONE, state=CONNECTED, ok=true, version=ServerVersion{versionList=[3, 2, 7]}, minWireVersion=0, maxWireVersion=4, maxDocumentSize=16777216, roundTripTimeNanos=20976338}
2020-01-03 17:33:07.359  WARN 18100 --- [restartedMain] o.m.s.mapper.ClassPathMapperScanner      : No MyBatis mapper was found in '[com.code.anli.mapper.*.xml]' package. Please check your configuration.
2020-01-03 17:33:07.515  INFO 18100 --- [restartedMain] trationDelegate$BeanPostProcessorChecker : Bean 'org.springframework.amqp.rabbit.annotation.RabbitBootstrapConfiguration' of type [org.springframework.amqp.rabbit.annotation.RabbitBootstrapConfiguration$$EnhancerBySpringCGLIB$$c843d2c7] is not eligible for getting processed by all BeanPostProcessors (for example: not eligible for auto-proxying)
2020-01-03 17:33:07.636  INFO 18100 --- [restartedMain] s.b.c.e.t.TomcatEmbeddedServletContainer : Tomcat initialized with port(s): 8900 (http)
2020-01-03 17:33:07.637  INFO 18100 --- [restartedMain] o.apache.catalina.core.StandardService   : Starting service Tomcat
2020-01-03 17:33:07.637  INFO 18100 --- [restartedMain] org.apache.catalina.core.StandardEngine  : Starting Servlet Engine: Apache Tomcat/8.5.14
2020-01-03 17:33:07.672  INFO 18100 --- [localhost-startStop-1] o.a.c.c.C.[Tomcat].[localhost].[/taoke]  : Initializing Spring embedded WebApplicationContext
2020-01-03 17:33:07.672  INFO 18100 --- [localhost-startStop-1] o.s.web.context.ContextLoader            : Root WebApplicationContext: initialization completed in 726 ms
2020-01-03 17:33:07.731  INFO 18100 --- [localhost-startStop-1] o.s.b.w.servlet.ServletRegistrationBean  : Mapping servlet: 'dispatcherServlet' to [/]
2020-01-03 17:33:07.732  INFO 18100 --- [localhost-startStop-1] o.s.b.w.servlet.FilterRegistrationBean   : Mapping filter: 'characterEncodingFilter' to: [/*]
2020-01-03 17:33:07.732  INFO 18100 --- [localhost-startStop-1] o.s.b.w.servlet.FilterRegistrationBean   : Mapping filter: 'hiddenHttpMethodFilter' to: [/*]
2020-01-03 17:33:07.732  INFO 18100 --- [localhost-startStop-1] o.s.b.w.servlet.FilterRegistrationBean   : Mapping filter: 'httpPutFormContentFilter' to: [/*]
2020-01-03 17:33:07.732  INFO 18100 --- [localhost-startStop-1] o.s.b.w.servlet.FilterRegistrationBean   : Mapping filter: 'requestContextFilter' to: [/*]
2020-01-03 17:33:07.860  INFO 18100 --- [restartedMain] com.alibaba.druid.pool.DruidDataSource   : {dataSource-3} inited
2020-01-03 17:33:08.317  INFO 18100 --- [restartedMain] s.w.s.m.m.a.RequestMappingHandlerAdapter : Looking for @ControllerAdvice: org.springframework.boot.context.embedded.AnnotationConfigEmbeddedWebApplicationContext@49174517: startup date [Fri Jan 03 17:33:06 CST 2020]; root of context hierarchy
2020-01-03 17:33:08.338  INFO 18100 --- [restartedMain] s.w.s.m.m.a.RequestMappingHandlerMapping : Mapped "{[/Convert/generalConvert],methods=[POST]}" onto public java.util.Map com.code.anli.controller.ConvertController.generalConvert(com.alibaba.fastjson.JSONObject)
2020-01-03 17:33:08.339  INFO 18100 --- [restartedMain] s.w.s.m.m.a.RequestMappingHandlerMapping : Mapped "{[/api/v1/sendTopic],methods=[GET]}" onto public java.util.Map com.code.anli.controller.MessageController.sendTopic(com.alibaba.fastjson.JSONObject)
2020-01-03 17:33:08.339  INFO 18100 --- [restartedMain] s.w.s.m.m.a.RequestMappingHandlerMapping : Mapped "{[/api/v1/sendDirect],methods=[GET]}" onto public java.util.Map com.code.anli.controller.MessageController.sendDirect(com.alibaba.fastjson.JSONObject)
2020-01-03 17:33:08.339  INFO 18100 --- [restartedMain] s.w.s.m.m.a.RequestMappingHandlerMapping : Mapped "{[/api/v1/sendFanout],methods=[GET]}" onto public java.util.Map com.code.anli.controller.MessageController.sendFanout(com.alibaba.fastjson.JSONObject)
2020-01-03 17:33:08.340  INFO 18100 --- [restartedMain] s.w.s.m.m.a.RequestMappingHandlerMapping : Mapped "{[/order/queryOrder],methods=[POST]}" onto public java.util.Map com.code.anli.controller.OrderController.queryOrder(com.alibaba.fastjson.JSONObject)
2020-01-03 17:33:08.341  INFO 18100 --- [restartedMain] s.w.s.m.m.a.RequestMappingHandlerMapping : Mapped "{[/error]}" onto public org.springframework.http.ResponseEntity<java.util.Map<java.lang.String, java.lang.Object>> org.springframework.boot.autoconfigure.web.BasicErrorController.error(javax.servlet.http.HttpServletRequest)
2020-01-03 17:33:08.341  INFO 18100 --- [restartedMain] s.w.s.m.m.a.RequestMappingHandlerMapping : Mapped "{[/error],produces=[text/html]}" onto public org.springframework.web.servlet.ModelAndView org.springframework.boot.autoconfigure.web.BasicErrorController.errorHtml(javax.servlet.http.HttpServletRequest,javax.servlet.http.HttpServletResponse)
2020-01-03 17:33:08.367  INFO 18100 --- [restartedMain] o.s.w.s.handler.SimpleUrlHandlerMapping  : Mapped URL path [/webjars/**] onto handler of type [class org.springframework.web.servlet.resource.ResourceHttpRequestHandler]
2020-01-03 17:33:08.367  INFO 18100 --- [restartedMain] o.s.w.s.handler.SimpleUrlHandlerMapping  : Mapped URL path [/**] onto handler of type [class org.springframework.web.servlet.resource.ResourceHttpRequestHandler]
2020-01-03 17:33:08.380  INFO 18100 --- [restartedMain] .m.m.a.ExceptionHandlerExceptionResolver : Detected @ExceptionHandler methods in controllerExceptionAdvice
2020-01-03 17:33:08.391  INFO 18100 --- [restartedMain] o.s.w.s.handler.SimpleUrlHandlerMapping  : Mapped URL path [/**/favicon.ico] onto handler of type [class org.springframework.web.servlet.resource.ResourceHttpRequestHandler]
2020-01-03 17:33:08.467  INFO 18100 --- [restartedMain] org.mongodb.driver.cluster               : Cluster created with settings {hosts=[106.54.34.142:27017], mode=MULTIPLE, requiredClusterType=UNKNOWN, serverSelectionTimeout='30000 ms', maxWaitQueueSize=500}
2020-01-03 17:33:08.468  INFO 18100 --- [restartedMain] org.mongodb.driver.cluster               : Adding discovered server 106.54.34.142:27017 to client view of cluster
2020-01-03 17:33:08.553  INFO 18100 --- [restartedMain] o.s.b.d.a.OptionalLiveReloadServer       : LiveReload server is running on port 35729
2020-01-03 17:33:08.554  INFO 18100 --- [cluster-ClusterId{value='5e0f0a547188f446b440ccfd', description='null'}-106.54.34.142:27017] org.mongodb.driver.connection            : Opened connection [connectionId{localValue:7, serverValue:862}] to 106.54.34.142:27017
2020-01-03 17:33:08.576  INFO 18100 --- [cluster-ClusterId{value='5e0f0a547188f446b440ccfd', description='null'}-106.54.34.142:27017] org.mongodb.driver.cluster               : Monitor thread successfully connected to server with description ServerDescription{address=106.54.34.142:27017, type=STANDALONE, state=CONNECTED, ok=true, version=ServerVersion{versionList=[3, 2, 7]}, minWireVersion=0, maxWireVersion=4, maxDocumentSize=16777216, roundTripTimeNanos=21316213}
2020-01-03 17:33:08.576  INFO 18100 --- [cluster-ClusterId{value='5e0f0a547188f446b440ccfd', description='null'}-106.54.34.142:27017] org.mongodb.driver.cluster               : Discovered cluster type of STANDALONE
2020-01-03 17:33:08.695  INFO 18100 --- [restartedMain] o.s.j.e.a.AnnotationMBeanExporter        : Registering beans for JMX exposure on startup
2020-01-03 17:33:08.696  INFO 18100 --- [restartedMain] o.s.j.e.a.AnnotationMBeanExporter        : Bean with name 'dataSource' has been autodetected for JMX exposure
2020-01-03 17:33:08.697  INFO 18100 --- [restartedMain] o.s.j.e.a.AnnotationMBeanExporter        : Bean with name 'rabbitConnectionFactory' has been autodetected for JMX exposure
2020-01-03 17:33:08.698  INFO 18100 --- [restartedMain] o.s.j.e.a.AnnotationMBeanExporter        : Located MBean 'dataSource': registering with JMX server as MBean [com.alibaba.druid.pool:name=dataSource,type=DruidDataSource]
2020-01-03 17:33:08.699  INFO 18100 --- [restartedMain] o.s.j.e.a.AnnotationMBeanExporter        : Located managed bean 'rabbitConnectionFactory': registering with JMX server as MBean [org.springframework.amqp.rabbit.connection:name=rabbitConnectionFactory,type=CachingConnectionFactory]
2020-01-03 17:33:08.704  INFO 18100 --- [restartedMain] o.s.c.support.DefaultLifecycleProcessor  : Starting beans in phase -2147482648
2020-01-03 17:33:08.705  INFO 18100 --- [restartedMain] o.s.c.support.DefaultLifecycleProcessor  : Starting beans in phase 2147483647
2020-01-03 17:33:08.802  INFO 18100 --- [SimpleAsyncTaskExecutor-1] o.s.a.r.c.CachingConnectionFactory       : Created new connection: SimpleConnection@56ce61bf [delegate=amqp://guest@106.54.34.142:5672/, localPort= 64628]
2020-01-03 17:33:08.804  INFO 18100 --- [SimpleAsyncTaskExecutor-1] o.s.amqp.rabbit.core.RabbitAdmin         : Auto-declaring a non-durable, auto-delete, or exclusive Queue (topic.queue) durable:false, auto-delete:false, exclusive:false. It will be redeclared if the broker stops and is restarted while the connection factory is alive, but all messages will be lost.
2020-01-03 17:33:09.401  INFO 18100 --- [restartedMain] s.a.ScheduledAnnotationBeanPostProcessor : No TaskScheduler/ScheduledExecutorService bean found for scheduled processing
2020-01-03 17:33:09.406  INFO 18100 --- [restartedMain] s.b.c.e.t.TomcatEmbeddedServletContainer : Tomcat started on port(s): 8900 (http)
